Making checkpoint directory: save_models/fine-tune/finetune_bert-base-uncased_glue-sst2_lr2e-05_epochs18_seed42
Epoch: 0, Loss:  0.3137, Lr:  1.111e-05, Dev_Accuracy: 0.9094036697247705
**** Test Accuracy: 0.9094036697247705, Test_Loss: 0.215981292405298
Epoch: 1, Loss:  0.1488, Lr:  1.975e-05, Dev_Accuracy: 0.9288990825688073
**** Test Accuracy: 0.9288990825688073, Test_Loss: 0.21998707657413746
Epoch: 2, Loss:  0.1003, Lr:  1.852e-05, Dev_Accuracy: 0.9243119266055044
Epoch: 3, Loss:  0.0681, Lr:  1.728e-05, Dev_Accuracy: 0.9128440366972476
Epoch: 4, Loss:  0.0464, Lr:  1.605e-05, Dev_Accuracy: 0.9277522935779815
Epoch: 5, Loss:  0.0335, Lr:  1.481e-05, Dev_Accuracy: 0.9254587155963302
Epoch: 6, Loss:  0.0242, Lr:  1.358e-05, Dev_Accuracy: 0.9197247706422017
Epoch: 7, Loss:  0.0188, Lr:  1.234e-05, Dev_Accuracy: 0.9323394495412843
**** Test Accuracy: 0.9323394495412843, Test_Loss: 0.3525732403088881
Epoch: 8, Loss:  0.0152, Lr:  1.111e-05, Dev_Accuracy: 0.9208715596330274
Epoch: 9, Loss:  0.0126, Lr:  9.874e-06, Dev_Accuracy: 0.9231651376146788
Epoch: 10, Loss:  0.0109, Lr:  8.639e-06, Dev_Accuracy: 0.9231651376146788
Epoch: 11, Loss:  0.0085, Lr:  7.405e-06, Dev_Accuracy: 0.9174311926605503
Epoch: 12, Loss:  0.0062, Lr:  6.170e-06, Dev_Accuracy: 0.9162844036697246
Epoch: 13, Loss:  0.0048, Lr:  4.935e-06, Dev_Accuracy: 0.9220183486238531
Epoch: 14, Loss:  0.0034, Lr:  3.700e-06, Dev_Accuracy: 0.9174311926605503
Epoch: 15, Loss:  0.0031, Lr:  2.465e-06, Dev_Accuracy: 0.9243119266055044
Epoch: 16, Loss:  0.0016, Lr:  1.231e-06, Dev_Accuracy: 0.9243119266055044
Epoch: 17, Loss:  0.0014, Lr:  0.000e+00, Dev_Accuracy: 0.9277522935779815
**** Best dev metric: 0.9323394495412843 in Epoch: 7
**** Best Test metric: 0.9323394495412843 in Epoch: 7
Last epoch test_accuracy: 0.9277522935779815, test_loss: 0.6249784059450554
Attack(
  (search_method): GreedyWordSwapWIR(
    (wir_method):  delete
  )
  (goal_function):  UntargetedClassification
  (transformation):  WordSwapEmbedding(
    (max_candidates):  50
    (embedding):  WordEmbedding
  )
  (constraints): 
    (0): WordEmbeddingDistance(
        (embedding):  WordEmbedding
        (min_cos_sim):  0.5
        (cased):  False
        (include_unknown_words):  True
        (compare_against_original):  True
      )
    (1): PartOfSpeech(
        (tagger_type):  nltk
        (tagset):  universal
        (allow_verb_noun_swap):  True
        (compare_against_original):  True
      )
    (2): UniversalSentenceEncoder(
        (metric):  angular
        (threshold):  0.840845057
        (window_size):  15
        (skip_text_shorter_than_window):  True
        (compare_against_original):  False
      )
    (3): RepeatModification
    (4): StopwordModification
    (5): InputColumnModification(
        (matching_column_labels):  ['premise', 'hypothesis']
        (columns_to_ignore):  {'premise'}
      )
  (is_black_box):  True
) 


+-------------------------------+--------+
| Attack Results                |        |
+-------------------------------+--------+
| Number of successful attacks: | 751    |
| Number of failed attacks:     | 42     |
| Number of skipped attacks:    | 79     |
| Original accuracy:            | 90.94% |
| Accuracy under attack:        | 4.82%  |
| Attack success rate:          | 94.7%  |
| Average perturbed word %:     | 17.84% |
| Average num. words per input: | 17.4   |
| Avg num queries:              | 96.32  |
+-------------------------------+--------+
Attack(
  (search_method): GreedyWordSwapWIR(
    (wir_method):  delete
  )
  (goal_function):  UntargetedClassification
  (transformation):  WordSwapEmbedding(
    (max_candidates):  50
    (embedding):  WordEmbedding
  )
  (constraints): 
    (0): WordEmbeddingDistance(
        (embedding):  WordEmbedding
        (min_cos_sim):  0.5
        (cased):  False
        (include_unknown_words):  True
        (compare_against_original):  True
      )
    (1): PartOfSpeech(
        (tagger_type):  nltk
        (tagset):  universal
        (allow_verb_noun_swap):  True
        (compare_against_original):  True
      )
    (2): UniversalSentenceEncoder(
        (metric):  angular
        (threshold):  0.840845057
        (window_size):  15
        (skip_text_shorter_than_window):  True
        (compare_against_original):  False
      )
    (3): RepeatModification
    (4): StopwordModification
    (5): InputColumnModification(
        (matching_column_labels):  ['premise', 'hypothesis']
        (columns_to_ignore):  {'premise'}
      )
  (is_black_box):  True
) 


+-------------------------------+--------+
| Attack Results                |        |
+-------------------------------+--------+
| Number of successful attacks: | 766    |
| Number of failed attacks:     | 44     |
| Number of skipped attacks:    | 62     |
| Original accuracy:            | 92.89% |
| Accuracy under attack:        | 5.05%  |
| Attack success rate:          | 94.57% |
| Average perturbed word %:     | 17.01% |
| Average num. words per input: | 17.4   |
| Avg num queries:              | 94.02  |
+-------------------------------+--------+
Attack(
  (search_method): GreedyWordSwapWIR(
    (wir_method):  delete
  )
  (goal_function):  UntargetedClassification
  (transformation):  WordSwapEmbedding(
    (max_candidates):  50
    (embedding):  WordEmbedding
  )
  (constraints): 
    (0): WordEmbeddingDistance(
        (embedding):  WordEmbedding
        (min_cos_sim):  0.5
        (cased):  False
        (include_unknown_words):  True
        (compare_against_original):  True
      )
    (1): PartOfSpeech(
        (tagger_type):  nltk
        (tagset):  universal
        (allow_verb_noun_swap):  True
        (compare_against_original):  True
      )
    (2): UniversalSentenceEncoder(
        (metric):  angular
        (threshold):  0.840845057
        (window_size):  15
        (skip_text_shorter_than_window):  True
        (compare_against_original):  False
      )
    (3): RepeatModification
    (4): StopwordModification
    (5): InputColumnModification(
        (matching_column_labels):  ['premise', 'hypothesis']
        (columns_to_ignore):  {'premise'}
      )
  (is_black_box):  True
) 


+-------------------------------+--------+
| Attack Results                |        |
+-------------------------------+--------+
| Number of successful attacks: | 764    |
| Number of failed attacks:     | 42     |
| Number of skipped attacks:    | 66     |
| Original accuracy:            | 92.43% |
| Accuracy under attack:        | 4.82%  |
| Attack success rate:          | 94.79% |
| Average perturbed word %:     | 16.42% |
| Average num. words per input: | 17.4   |
| Avg num queries:              | 90.67  |
+-------------------------------+--------+
Attack(
  (search_method): GreedyWordSwapWIR(
    (wir_method):  delete
  )
  (goal_function):  UntargetedClassification
  (transformation):  WordSwapEmbedding(
    (max_candidates):  50
    (embedding):  WordEmbedding
  )
  (constraints): 
    (0): WordEmbeddingDistance(
        (embedding):  WordEmbedding
        (min_cos_sim):  0.5
        (cased):  False
        (include_unknown_words):  True
        (compare_against_original):  True
      )
    (1): PartOfSpeech(
        (tagger_type):  nltk
        (tagset):  universal
        (allow_verb_noun_swap):  True
        (compare_against_original):  True
      )
    (2): UniversalSentenceEncoder(
        (metric):  angular
        (threshold):  0.840845057
        (window_size):  15
        (skip_text_shorter_than_window):  True
        (compare_against_original):  False
      )
    (3): RepeatModification
    (4): StopwordModification
    (5): InputColumnModification(
        (matching_column_labels):  ['premise', 'hypothesis']
        (columns_to_ignore):  {'premise'}
      )
  (is_black_box):  True
) 


+-------------------------------+--------+
| Attack Results                |        |
+-------------------------------+--------+
| Number of successful attacks: | 723    |
| Number of failed attacks:     | 73     |
| Number of skipped attacks:    | 76     |
| Original accuracy:            | 91.28% |
| Accuracy under attack:        | 8.37%  |
| Attack success rate:          | 90.83% |
| Average perturbed word %:     | 18.05% |
| Average num. words per input: | 17.4   |
| Avg num queries:              | 102.3  |
+-------------------------------+--------+
Attack(
  (search_method): GreedyWordSwapWIR(
    (wir_method):  delete
  )
  (goal_function):  UntargetedClassification
  (transformation):  WordSwapEmbedding(
    (max_candidates):  50
    (embedding):  WordEmbedding
  )
  (constraints): 
    (0): WordEmbeddingDistance(
        (embedding):  WordEmbedding
        (min_cos_sim):  0.5
        (cased):  False
        (include_unknown_words):  True
        (compare_against_original):  True
      )
    (1): PartOfSpeech(
        (tagger_type):  nltk
        (tagset):  universal
        (allow_verb_noun_swap):  True
        (compare_against_original):  True
      )
    (2): UniversalSentenceEncoder(
        (metric):  angular
        (threshold):  0.840845057
        (window_size):  15
        (skip_text_shorter_than_window):  True
        (compare_against_original):  False
      )
    (3): RepeatModification
    (4): StopwordModification
    (5): InputColumnModification(
        (matching_column_labels):  ['premise', 'hypothesis']
        (columns_to_ignore):  {'premise'}
      )
  (is_black_box):  True
) 


+-------------------------------+--------+
| Attack Results                |        |
+-------------------------------+--------+
| Number of successful attacks: | 769    |
| Number of failed attacks:     | 40     |
| Number of skipped attacks:    | 63     |
| Original accuracy:            | 92.78% |
| Accuracy under attack:        | 4.59%  |
| Attack success rate:          | 95.06% |
| Average perturbed word %:     | 17.28% |
| Average num. words per input: | 17.4   |
| Avg num queries:              | 93.99  |
+-------------------------------+--------+
Attack(
  (search_method): GreedyWordSwapWIR(
    (wir_method):  delete
  )
  (goal_function):  UntargetedClassification
  (transformation):  WordSwapEmbedding(
    (max_candidates):  50
    (embedding):  WordEmbedding
  )
  (constraints): 
    (0): WordEmbeddingDistance(
        (embedding):  WordEmbedding
        (min_cos_sim):  0.5
        (cased):  False
        (include_unknown_words):  True
        (compare_against_original):  True
      )
    (1): PartOfSpeech(
        (tagger_type):  nltk
        (tagset):  universal
        (allow_verb_noun_swap):  True
        (compare_against_original):  True
      )
    (2): UniversalSentenceEncoder(
        (metric):  angular
        (threshold):  0.840845057
        (window_size):  15
        (skip_text_shorter_than_window):  True
        (compare_against_original):  False
      )
    (3): RepeatModification
    (4): StopwordModification
    (5): InputColumnModification(
        (matching_column_labels):  ['premise', 'hypothesis']
        (columns_to_ignore):  {'premise'}
      )
  (is_black_box):  True
) 


+-------------------------------+--------+
| Attack Results                |        |
+-------------------------------+--------+
| Number of successful attacks: | 751    |
| Number of failed attacks:     | 56     |
| Number of skipped attacks:    | 65     |
| Original accuracy:            | 92.55% |
| Accuracy under attack:        | 6.42%  |
| Attack success rate:          | 93.06% |
| Average perturbed word %:     | 18.11% |
| Average num. words per input: | 17.4   |
| Avg num queries:              | 100.16 |
+-------------------------------+--------+
Attack(
  (search_method): GreedyWordSwapWIR(
    (wir_method):  delete
  )
  (goal_function):  UntargetedClassification
  (transformation):  WordSwapEmbedding(
    (max_candidates):  50
    (embedding):  WordEmbedding
  )
  (constraints): 
    (0): WordEmbeddingDistance(
        (embedding):  WordEmbedding
        (min_cos_sim):  0.5
        (cased):  False
        (include_unknown_words):  True
        (compare_against_original):  True
      )
    (1): PartOfSpeech(
        (tagger_type):  nltk
        (tagset):  universal
        (allow_verb_noun_swap):  True
        (compare_against_original):  True
      )
    (2): UniversalSentenceEncoder(
        (metric):  angular
        (threshold):  0.840845057
        (window_size):  15
        (skip_text_shorter_than_window):  True
        (compare_against_original):  False
      )
    (3): RepeatModification
    (4): StopwordModification
    (5): InputColumnModification(
        (matching_column_labels):  ['premise', 'hypothesis']
        (columns_to_ignore):  {'premise'}
      )
  (is_black_box):  True
) 


+-------------------------------+--------+
| Attack Results                |        |
+-------------------------------+--------+
| Number of successful attacks: | 701    |
| Number of failed attacks:     | 101    |
| Number of skipped attacks:    | 70     |
| Original accuracy:            | 91.97% |
| Accuracy under attack:        | 11.58% |
| Attack success rate:          | 87.41% |
| Average perturbed word %:     | 18.46% |
| Average num. words per input: | 17.4   |
| Avg num queries:              | 110.25 |
+-------------------------------+--------+
Attack(
  (search_method): GreedyWordSwapWIR(
    (wir_method):  delete
  )
  (goal_function):  UntargetedClassification
  (transformation):  WordSwapEmbedding(
    (max_candidates):  50
    (embedding):  WordEmbedding
  )
  (constraints): 
    (0): WordEmbeddingDistance(
        (embedding):  WordEmbedding
        (min_cos_sim):  0.5
        (cased):  False
        (include_unknown_words):  True
        (compare_against_original):  True
      )
    (1): PartOfSpeech(
        (tagger_type):  nltk
        (tagset):  universal
        (allow_verb_noun_swap):  True
        (compare_against_original):  True
      )
    (2): UniversalSentenceEncoder(
        (metric):  angular
        (threshold):  0.840845057
        (window_size):  15
        (skip_text_shorter_than_window):  True
        (compare_against_original):  False
      )
    (3): RepeatModification
    (4): StopwordModification
    (5): InputColumnModification(
        (matching_column_labels):  ['premise', 'hypothesis']
        (columns_to_ignore):  {'premise'}
      )
  (is_black_box):  True
) 


+-------------------------------+--------+
| Attack Results                |        |
+-------------------------------+--------+
| Number of successful attacks: | 749    |
| Number of failed attacks:     | 64     |
| Number of skipped attacks:    | 59     |
| Original accuracy:            | 93.23% |
| Accuracy under attack:        | 7.34%  |
| Attack success rate:          | 92.13% |
| Average perturbed word %:     | 18.81% |
| Average num. words per input: | 17.4   |
| Avg num queries:              | 105.05 |
+-------------------------------+--------+
Attack(
  (search_method): GreedyWordSwapWIR(
    (wir_method):  delete
  )
  (goal_function):  UntargetedClassification
  (transformation):  WordSwapEmbedding(
    (max_candidates):  50
    (embedding):  WordEmbedding
  )
  (constraints): 
    (0): WordEmbeddingDistance(
        (embedding):  WordEmbedding
        (min_cos_sim):  0.5
        (cased):  False
        (include_unknown_words):  True
        (compare_against_original):  True
      )
    (1): PartOfSpeech(
        (tagger_type):  nltk
        (tagset):  universal
        (allow_verb_noun_swap):  True
        (compare_against_original):  True
      )
    (2): UniversalSentenceEncoder(
        (metric):  angular
        (threshold):  0.840845057
        (window_size):  15
        (skip_text_shorter_than_window):  True
        (compare_against_original):  False
      )
    (3): RepeatModification
    (4): StopwordModification
    (5): InputColumnModification(
        (matching_column_labels):  ['premise', 'hypothesis']
        (columns_to_ignore):  {'premise'}
      )
  (is_black_box):  True
) 


+-------------------------------+--------+
| Attack Results                |        |
+-------------------------------+--------+
| Number of successful attacks: | 739    |
| Number of failed attacks:     | 64     |
| Number of skipped attacks:    | 69     |
| Original accuracy:            | 92.09% |
| Accuracy under attack:        | 7.34%  |
| Attack success rate:          | 92.03% |
| Average perturbed word %:     | 18.04% |
| Average num. words per input: | 17.4   |
| Avg num queries:              | 102.12 |
+-------------------------------+--------+
Attack(
  (search_method): GreedyWordSwapWIR(
    (wir_method):  delete
  )
  (goal_function):  UntargetedClassification
  (transformation):  WordSwapEmbedding(
    (max_candidates):  50
    (embedding):  WordEmbedding
  )
  (constraints): 
    (0): WordEmbeddingDistance(
        (embedding):  WordEmbedding
        (min_cos_sim):  0.5
        (cased):  False
        (include_unknown_words):  True
        (compare_against_original):  True
      )
    (1): PartOfSpeech(
        (tagger_type):  nltk
        (tagset):  universal
        (allow_verb_noun_swap):  True
        (compare_against_original):  True
      )
    (2): UniversalSentenceEncoder(
        (metric):  angular
        (threshold):  0.840845057
        (window_size):  15
        (skip_text_shorter_than_window):  True
        (compare_against_original):  False
      )
    (3): RepeatModification
    (4): StopwordModification
    (5): InputColumnModification(
        (matching_column_labels):  ['premise', 'hypothesis']
        (columns_to_ignore):  {'premise'}
      )
  (is_black_box):  True
) 


+-------------------------------+--------+
| Attack Results                |        |
+-------------------------------+--------+
| Number of successful attacks: | 704    |
| Number of failed attacks:     | 101    |
| Number of skipped attacks:    | 67     |
| Original accuracy:            | 92.32% |
| Accuracy under attack:        | 11.58% |
| Attack success rate:          | 87.45% |
| Average perturbed word %:     | 20.99% |
| Average num. words per input: | 17.4   |
| Avg num queries:              | 120.2  |
+-------------------------------+--------+
Attack(
  (search_method): GreedyWordSwapWIR(
    (wir_method):  delete
  )
  (goal_function):  UntargetedClassification
  (transformation):  WordSwapEmbedding(
    (max_candidates):  50
    (embedding):  WordEmbedding
  )
  (constraints): 
    (0): WordEmbeddingDistance(
        (embedding):  WordEmbedding
        (min_cos_sim):  0.5
        (cased):  False
        (include_unknown_words):  True
        (compare_against_original):  True
      )
    (1): PartOfSpeech(
        (tagger_type):  nltk
        (tagset):  universal
        (allow_verb_noun_swap):  True
        (compare_against_original):  True
      )
    (2): UniversalSentenceEncoder(
        (metric):  angular
        (threshold):  0.840845057
        (window_size):  15
        (skip_text_shorter_than_window):  True
        (compare_against_original):  False
      )
    (3): RepeatModification
    (4): StopwordModification
    (5): InputColumnModification(
        (matching_column_labels):  ['premise', 'hypothesis']
        (columns_to_ignore):  {'premise'}
      )
  (is_black_box):  True
) 


+-------------------------------+--------+
| Attack Results                |        |
+-------------------------------+--------+
| Number of successful attacks: | 758    |
| Number of failed attacks:     | 47     |
| Number of skipped attacks:    | 67     |
| Original accuracy:            | 92.32% |
| Accuracy under attack:        | 5.39%  |
| Attack success rate:          | 94.16% |
| Average perturbed word %:     | 20.0%  |
| Average num. words per input: | 17.4   |
| Avg num queries:              | 106.91 |
+-------------------------------+--------+
Attack(
  (search_method): GreedyWordSwapWIR(
    (wir_method):  delete
  )
  (goal_function):  UntargetedClassification
  (transformation):  WordSwapEmbedding(
    (max_candidates):  50
    (embedding):  WordEmbedding
  )
  (constraints): 
    (0): WordEmbeddingDistance(
        (embedding):  WordEmbedding
        (min_cos_sim):  0.5
        (cased):  False
        (include_unknown_words):  True
        (compare_against_original):  True
      )
    (1): PartOfSpeech(
        (tagger_type):  nltk
        (tagset):  universal
        (allow_verb_noun_swap):  True
        (compare_against_original):  True
      )
    (2): UniversalSentenceEncoder(
        (metric):  angular
        (threshold):  0.840845057
        (window_size):  15
        (skip_text_shorter_than_window):  True
        (compare_against_original):  False
      )
    (3): RepeatModification
    (4): StopwordModification
    (5): InputColumnModification(
        (matching_column_labels):  ['premise', 'hypothesis']
        (columns_to_ignore):  {'premise'}
      )
  (is_black_box):  True
) 


+-------------------------------+--------+
| Attack Results                |        |
+-------------------------------+--------+
| Number of successful attacks: | 721    |
| Number of failed attacks:     | 80     |
| Number of skipped attacks:    | 71     |
| Original accuracy:            | 91.86% |
| Accuracy under attack:        | 9.17%  |
| Attack success rate:          | 90.01% |
| Average perturbed word %:     | 18.85% |
| Average num. words per input: | 17.4   |
| Avg num queries:              | 108.69 |
+-------------------------------+--------+
Attack(
  (search_method): GreedyWordSwapWIR(
    (wir_method):  delete
  )
  (goal_function):  UntargetedClassification
  (transformation):  WordSwapEmbedding(
    (max_candidates):  50
    (embedding):  WordEmbedding
  )
  (constraints): 
    (0): WordEmbeddingDistance(
        (embedding):  WordEmbedding
        (min_cos_sim):  0.5
        (cased):  False
        (include_unknown_words):  True
        (compare_against_original):  True
      )
    (1): PartOfSpeech(
        (tagger_type):  nltk
        (tagset):  universal
        (allow_verb_noun_swap):  True
        (compare_against_original):  True
      )
    (2): UniversalSentenceEncoder(
        (metric):  angular
        (threshold):  0.840845057
        (window_size):  15
        (skip_text_shorter_than_window):  True
        (compare_against_original):  False
      )
    (3): RepeatModification
    (4): StopwordModification
    (5): InputColumnModification(
        (matching_column_labels):  ['premise', 'hypothesis']
        (columns_to_ignore):  {'premise'}
      )
  (is_black_box):  True
) 


+-------------------------------+--------+
| Attack Results                |        |
+-------------------------------+--------+
| Number of successful attacks: | 721    |
| Number of failed attacks:     | 78     |
| Number of skipped attacks:    | 73     |
| Original accuracy:            | 91.63% |
| Accuracy under attack:        | 8.94%  |
| Attack success rate:          | 90.24% |
| Average perturbed word %:     | 19.0%  |
| Average num. words per input: | 17.4   |
| Avg num queries:              | 107.33 |
+-------------------------------+--------+
Attack(
  (search_method): GreedyWordSwapWIR(
    (wir_method):  delete
  )
  (goal_function):  UntargetedClassification
  (transformation):  WordSwapEmbedding(
    (max_candidates):  50
    (embedding):  WordEmbedding
  )
  (constraints): 
    (0): WordEmbeddingDistance(
        (embedding):  WordEmbedding
        (min_cos_sim):  0.5
        (cased):  False
        (include_unknown_words):  True
        (compare_against_original):  True
      )
    (1): PartOfSpeech(
        (tagger_type):  nltk
        (tagset):  universal
        (allow_verb_noun_swap):  True
        (compare_against_original):  True
      )
    (2): UniversalSentenceEncoder(
        (metric):  angular
        (threshold):  0.840845057
        (window_size):  15
        (skip_text_shorter_than_window):  True
        (compare_against_original):  False
      )
    (3): RepeatModification
    (4): StopwordModification
    (5): InputColumnModification(
        (matching_column_labels):  ['premise', 'hypothesis']
        (columns_to_ignore):  {'premise'}
      )
  (is_black_box):  True
) 


+-------------------------------+--------+
| Attack Results                |        |
+-------------------------------+--------+
| Number of successful attacks: | 721    |
| Number of failed attacks:     | 83     |
| Number of skipped attacks:    | 68     |
| Original accuracy:            | 92.2%  |
| Accuracy under attack:        | 9.52%  |
| Attack success rate:          | 89.68% |
| Average perturbed word %:     | 19.91% |
| Average num. words per input: | 17.4   |
| Avg num queries:              | 113.29 |
+-------------------------------+--------+
Attack(
  (search_method): GreedyWordSwapWIR(
    (wir_method):  delete
  )
  (goal_function):  UntargetedClassification
  (transformation):  WordSwapEmbedding(
    (max_candidates):  50
    (embedding):  WordEmbedding
  )
  (constraints): 
    (0): WordEmbeddingDistance(
        (embedding):  WordEmbedding
        (min_cos_sim):  0.5
        (cased):  False
        (include_unknown_words):  True
        (compare_against_original):  True
      )
    (1): PartOfSpeech(
        (tagger_type):  nltk
        (tagset):  universal
        (allow_verb_noun_swap):  True
        (compare_against_original):  True
      )
    (2): UniversalSentenceEncoder(
        (metric):  angular
        (threshold):  0.840845057
        (window_size):  15
        (skip_text_shorter_than_window):  True
        (compare_against_original):  False
      )
    (3): RepeatModification
    (4): StopwordModification
    (5): InputColumnModification(
        (matching_column_labels):  ['premise', 'hypothesis']
        (columns_to_ignore):  {'premise'}
      )
  (is_black_box):  True
) 


+-------------------------------+--------+
| Attack Results                |        |
+-------------------------------+--------+
| Number of successful attacks: | 713    |
| Number of failed attacks:     | 87     |
| Number of skipped attacks:    | 72     |
| Original accuracy:            | 91.74% |
| Accuracy under attack:        | 9.98%  |
| Attack success rate:          | 89.12% |
| Average perturbed word %:     | 19.34% |
| Average num. words per input: | 17.4   |
| Avg num queries:              | 112.72 |
+-------------------------------+--------+
Attack(
  (search_method): GreedyWordSwapWIR(
    (wir_method):  delete
  )
  (goal_function):  UntargetedClassification
  (transformation):  WordSwapEmbedding(
    (max_candidates):  50
    (embedding):  WordEmbedding
  )
  (constraints): 
    (0): WordEmbeddingDistance(
        (embedding):  WordEmbedding
        (min_cos_sim):  0.5
        (cased):  False
        (include_unknown_words):  True
        (compare_against_original):  True
      )
    (1): PartOfSpeech(
        (tagger_type):  nltk
        (tagset):  universal
        (allow_verb_noun_swap):  True
        (compare_against_original):  True
      )
    (2): UniversalSentenceEncoder(
        (metric):  angular
        (threshold):  0.840845057
        (window_size):  15
        (skip_text_shorter_than_window):  True
        (compare_against_original):  False
      )
    (3): RepeatModification
    (4): StopwordModification
    (5): InputColumnModification(
        (matching_column_labels):  ['premise', 'hypothesis']
        (columns_to_ignore):  {'premise'}
      )
  (is_black_box):  True
) 


+-------------------------------+--------+
| Attack Results                |        |
+-------------------------------+--------+
| Number of successful attacks: | 723    |
| Number of failed attacks:     | 83     |
| Number of skipped attacks:    | 66     |
| Original accuracy:            | 92.43% |
| Accuracy under attack:        | 9.52%  |
| Attack success rate:          | 89.7%  |
| Average perturbed word %:     | 19.79% |
| Average num. words per input: | 17.4   |
| Avg num queries:              | 112.27 |
+-------------------------------+--------+
Attack(
  (search_method): GreedyWordSwapWIR(
    (wir_method):  delete
  )
  (goal_function):  UntargetedClassification
  (transformation):  WordSwapEmbedding(
    (max_candidates):  50
    (embedding):  WordEmbedding
  )
  (constraints): 
    (0): WordEmbeddingDistance(
        (embedding):  WordEmbedding
        (min_cos_sim):  0.5
        (cased):  False
        (include_unknown_words):  True
        (compare_against_original):  True
      )
    (1): PartOfSpeech(
        (tagger_type):  nltk
        (tagset):  universal
        (allow_verb_noun_swap):  True
        (compare_against_original):  True
      )
    (2): UniversalSentenceEncoder(
        (metric):  angular
        (threshold):  0.840845057
        (window_size):  15
        (skip_text_shorter_than_window):  True
        (compare_against_original):  False
      )
    (3): RepeatModification
    (4): StopwordModification
    (5): InputColumnModification(
        (matching_column_labels):  ['premise', 'hypothesis']
        (columns_to_ignore):  {'premise'}
      )
  (is_black_box):  True
) 


+-------------------------------+--------+
| Attack Results                |        |
+-------------------------------+--------+
| Number of successful attacks: | 695    |
| Number of failed attacks:     | 111    |
| Number of skipped attacks:    | 66     |
| Original accuracy:            | 92.43% |
| Accuracy under attack:        | 12.73% |
| Attack success rate:          | 86.23% |
| Average perturbed word %:     | 20.17% |
| Average num. words per input: | 17.4   |
| Avg num queries:              | 120.46 |
+-------------------------------+--------+
Attack(
  (search_method): GreedyWordSwapWIR(
    (wir_method):  delete
  )
  (goal_function):  UntargetedClassification
  (transformation):  WordSwapEmbedding(
    (max_candidates):  50
    (embedding):  WordEmbedding
  )
  (constraints): 
    (0): WordEmbeddingDistance(
        (embedding):  WordEmbedding
        (min_cos_sim):  0.5
        (cased):  False
        (include_unknown_words):  True
        (compare_against_original):  True
      )
    (1): PartOfSpeech(
        (tagger_type):  nltk
        (tagset):  universal
        (allow_verb_noun_swap):  True
        (compare_against_original):  True
      )
    (2): UniversalSentenceEncoder(
        (metric):  angular
        (threshold):  0.840845057
        (window_size):  15
        (skip_text_shorter_than_window):  True
        (compare_against_original):  False
      )
    (3): RepeatModification
    (4): StopwordModification
    (5): InputColumnModification(
        (matching_column_labels):  ['premise', 'hypothesis']
        (columns_to_ignore):  {'premise'}
      )
  (is_black_box):  True
) 


+-------------------------------+--------+
| Attack Results                |        |
+-------------------------------+--------+
| Number of successful attacks: | 686    |
| Number of failed attacks:     | 122    |
| Number of skipped attacks:    | 64     |
| Original accuracy:            | 92.66% |
| Accuracy under attack:        | 13.99% |
| Attack success rate:          | 84.9%  |
| Average perturbed word %:     | 19.6%  |
| Average num. words per input: | 17.4   |
| Avg num queries:              | 121.11 |
+-------------------------------+--------+
