Making checkpoint directory: save_models/fine-tune/finetune_bert-base-uncased_glue-sst2_lr2e-05_epochs25_seed42
Epoch: 0, Loss:  0.3334, Lr:  8.001e-06, Dev_Accuracy: 0.9094036697247705
**** Test Accuracy: 0.9094036697247705, Test_Loss: 0.2195774308804947
Epoch: 1, Loss:  0.1554, Lr:  1.600e-05, Dev_Accuracy: 0.9220183486238531
**** Test Accuracy: 0.9220183486238531, Test_Loss: 0.21815800613590572
Epoch: 2, Loss:  0.1133, Lr:  1.956e-05, Dev_Accuracy: 0.9231651376146788
**** Test Accuracy: 0.9231651376146788, Test_Loss: 0.2195341911699083
Epoch: 3, Loss:  0.0761, Lr:  1.867e-05, Dev_Accuracy: 0.9323394495412843
**** Test Accuracy: 0.9323394495412843, Test_Loss: 0.20411007971103629
Epoch: 4, Loss:  0.0525, Lr:  1.778e-05, Dev_Accuracy: 0.9243119266055044
Epoch: 5, Loss:  0.0387, Lr:  1.689e-05, Dev_Accuracy: 0.918577981651376
Epoch: 6, Loss:  0.0302, Lr:  1.600e-05, Dev_Accuracy: 0.9243119266055044
Epoch: 7, Loss:  0.0237, Lr:  1.511e-05, Dev_Accuracy: 0.9220183486238531
Epoch: 8, Loss:  0.0182, Lr:  1.422e-05, Dev_Accuracy: 0.9162844036697246
Epoch: 9, Loss:  0.0164, Lr:  1.333e-05, Dev_Accuracy: 0.9116972477064219
Epoch: 10, Loss:  0.0130, Lr:  1.244e-05, Dev_Accuracy: 0.918577981651376
Epoch: 11, Loss:  0.0096, Lr:  1.155e-05, Dev_Accuracy: 0.9174311926605503
Epoch: 12, Loss:  0.0103, Lr:  1.066e-05, Dev_Accuracy: 0.9128440366972476
Epoch: 13, Loss:  0.0082, Lr:  9.776e-06, Dev_Accuracy: 0.915137614678899
Epoch: 14, Loss:  0.0075, Lr:  8.887e-06, Dev_Accuracy: 0.9231651376146788
Epoch: 15, Loss:  0.0049, Lr:  7.998e-06, Dev_Accuracy: 0.915137614678899
Epoch: 16, Loss:  0.0058, Lr:  7.109e-06, Dev_Accuracy: 0.9208715596330274
Epoch: 17, Loss:  0.0038, Lr:  6.219e-06, Dev_Accuracy: 0.9220183486238531
Epoch: 18, Loss:  0.0033, Lr:  5.330e-06, Dev_Accuracy: 0.918577981651376
Epoch: 19, Loss:  0.0028, Lr:  4.441e-06, Dev_Accuracy: 0.9128440366972476
Epoch: 20, Loss:  0.0024, Lr:  3.552e-06, Dev_Accuracy: 0.9116972477064219
Epoch: 21, Loss:  0.0016, Lr:  2.663e-06, Dev_Accuracy: 0.9162844036697246
Epoch: 22, Loss:  0.0010, Lr:  1.774e-06, Dev_Accuracy: 0.9162844036697246
Epoch: 23, Loss:  0.0007, Lr:  8.852e-07, Dev_Accuracy: 0.9208715596330274
Epoch: 24, Loss:  0.0006, Lr:  0.000e+00, Dev_Accuracy: 0.9197247706422017
**** Best dev metric: 0.9323394495412843 in Epoch: 3
**** Best Test metric: 0.9323394495412843 in Epoch: 3
Last epoch test_accuracy: 0.9197247706422017, test_loss: 0.6598435112474729
Attack(
  (search_method): GreedyWordSwapWIR(
    (wir_method):  delete
  )
  (goal_function):  UntargetedClassification
  (transformation):  WordSwapEmbedding(
    (max_candidates):  50
    (embedding):  WordEmbedding
  )
  (constraints): 
    (0): WordEmbeddingDistance(
        (embedding):  WordEmbedding
        (min_cos_sim):  0.5
        (cased):  False
        (include_unknown_words):  True
        (compare_against_original):  True
      )
    (1): PartOfSpeech(
        (tagger_type):  nltk
        (tagset):  universal
        (allow_verb_noun_swap):  True
        (compare_against_original):  True
      )
    (2): UniversalSentenceEncoder(
        (metric):  angular
        (threshold):  0.840845057
        (window_size):  15
        (skip_text_shorter_than_window):  True
        (compare_against_original):  False
      )
    (3): RepeatModification
    (4): StopwordModification
    (5): InputColumnModification(
        (matching_column_labels):  ['premise', 'hypothesis']
        (columns_to_ignore):  {'premise'}
      )
  (is_black_box):  True
) 


+-------------------------------+--------+
| Attack Results                |        |
+-------------------------------+--------+
| Number of successful attacks: | 748    |
| Number of failed attacks:     | 45     |
| Number of skipped attacks:    | 79     |
| Original accuracy:            | 90.94% |
| Accuracy under attack:        | 5.16%  |
| Attack success rate:          | 94.33% |
| Average perturbed word %:     | 17.82% |
| Average num. words per input: | 17.4   |
| Avg num queries:              | 96.57  |
+-------------------------------+--------+
Attack(
  (search_method): GreedyWordSwapWIR(
    (wir_method):  delete
  )
  (goal_function):  UntargetedClassification
  (transformation):  WordSwapEmbedding(
    (max_candidates):  50
    (embedding):  WordEmbedding
  )
  (constraints): 
    (0): WordEmbeddingDistance(
        (embedding):  WordEmbedding
        (min_cos_sim):  0.5
        (cased):  False
        (include_unknown_words):  True
        (compare_against_original):  True
      )
    (1): PartOfSpeech(
        (tagger_type):  nltk
        (tagset):  universal
        (allow_verb_noun_swap):  True
        (compare_against_original):  True
      )
    (2): UniversalSentenceEncoder(
        (metric):  angular
        (threshold):  0.840845057
        (window_size):  15
        (skip_text_shorter_than_window):  True
        (compare_against_original):  False
      )
    (3): RepeatModification
    (4): StopwordModification
    (5): InputColumnModification(
        (matching_column_labels):  ['premise', 'hypothesis']
        (columns_to_ignore):  {'premise'}
      )
  (is_black_box):  True
) 


+-------------------------------+--------+
| Attack Results                |        |
+-------------------------------+--------+
| Number of successful attacks: | 764    |
| Number of failed attacks:     | 40     |
| Number of skipped attacks:    | 68     |
| Original accuracy:            | 92.2%  |
| Accuracy under attack:        | 4.59%  |
| Attack success rate:          | 95.02% |
| Average perturbed word %:     | 16.96% |
| Average num. words per input: | 17.4   |
| Avg num queries:              | 92.36  |
+-------------------------------+--------+
Attack(
  (search_method): GreedyWordSwapWIR(
    (wir_method):  delete
  )
  (goal_function):  UntargetedClassification
  (transformation):  WordSwapEmbedding(
    (max_candidates):  50
    (embedding):  WordEmbedding
  )
  (constraints): 
    (0): WordEmbeddingDistance(
        (embedding):  WordEmbedding
        (min_cos_sim):  0.5
        (cased):  False
        (include_unknown_words):  True
        (compare_against_original):  True
      )
    (1): PartOfSpeech(
        (tagger_type):  nltk
        (tagset):  universal
        (allow_verb_noun_swap):  True
        (compare_against_original):  True
      )
    (2): UniversalSentenceEncoder(
        (metric):  angular
        (threshold):  0.840845057
        (window_size):  15
        (skip_text_shorter_than_window):  True
        (compare_against_original):  False
      )
    (3): RepeatModification
    (4): StopwordModification
    (5): InputColumnModification(
        (matching_column_labels):  ['premise', 'hypothesis']
        (columns_to_ignore):  {'premise'}
      )
  (is_black_box):  True
) 


+-------------------------------+--------+
| Attack Results                |        |
+-------------------------------+--------+
| Number of successful attacks: | 757    |
| Number of failed attacks:     | 48     |
| Number of skipped attacks:    | 67     |
| Original accuracy:            | 92.32% |
| Accuracy under attack:        | 5.5%   |
| Attack success rate:          | 94.04% |
| Average perturbed word %:     | 16.54% |
| Average num. words per input: | 17.4   |
| Avg num queries:              | 93.02  |
+-------------------------------+--------+
Attack(
  (search_method): GreedyWordSwapWIR(
    (wir_method):  delete
  )
  (goal_function):  UntargetedClassification
  (transformation):  WordSwapEmbedding(
    (max_candidates):  50
    (embedding):  WordEmbedding
  )
  (constraints): 
    (0): WordEmbeddingDistance(
        (embedding):  WordEmbedding
        (min_cos_sim):  0.5
        (cased):  False
        (include_unknown_words):  True
        (compare_against_original):  True
      )
    (1): PartOfSpeech(
        (tagger_type):  nltk
        (tagset):  universal
        (allow_verb_noun_swap):  True
        (compare_against_original):  True
      )
    (2): UniversalSentenceEncoder(
        (metric):  angular
        (threshold):  0.840845057
        (window_size):  15
        (skip_text_shorter_than_window):  True
        (compare_against_original):  False
      )
    (3): RepeatModification
    (4): StopwordModification
    (5): InputColumnModification(
        (matching_column_labels):  ['premise', 'hypothesis']
        (columns_to_ignore):  {'premise'}
      )
  (is_black_box):  True
) 


+-------------------------------+--------+
| Attack Results                |        |
+-------------------------------+--------+
| Number of successful attacks: | 768    |
| Number of failed attacks:     | 45     |
| Number of skipped attacks:    | 59     |
| Original accuracy:            | 93.23% |
| Accuracy under attack:        | 5.16%  |
| Attack success rate:          | 94.46% |
| Average perturbed word %:     | 17.54% |
| Average num. words per input: | 17.4   |
| Avg num queries:              | 95.0   |
+-------------------------------+--------+
Attack(
  (search_method): GreedyWordSwapWIR(
    (wir_method):  delete
  )
  (goal_function):  UntargetedClassification
  (transformation):  WordSwapEmbedding(
    (max_candidates):  50
    (embedding):  WordEmbedding
  )
  (constraints): 
    (0): WordEmbeddingDistance(
        (embedding):  WordEmbedding
        (min_cos_sim):  0.5
        (cased):  False
        (include_unknown_words):  True
        (compare_against_original):  True
      )
    (1): PartOfSpeech(
        (tagger_type):  nltk
        (tagset):  universal
        (allow_verb_noun_swap):  True
        (compare_against_original):  True
      )
    (2): UniversalSentenceEncoder(
        (metric):  angular
        (threshold):  0.840845057
        (window_size):  15
        (skip_text_shorter_than_window):  True
        (compare_against_original):  False
      )
    (3): RepeatModification
    (4): StopwordModification
    (5): InputColumnModification(
        (matching_column_labels):  ['premise', 'hypothesis']
        (columns_to_ignore):  {'premise'}
      )
  (is_black_box):  True
) 


+-------------------------------+--------+
| Attack Results                |        |
+-------------------------------+--------+
| Number of successful attacks: | 758    |
| Number of failed attacks:     | 48     |
| Number of skipped attacks:    | 66     |
| Original accuracy:            | 92.43% |
| Accuracy under attack:        | 5.5%   |
| Attack success rate:          | 94.04% |
| Average perturbed word %:     | 17.73% |
| Average num. words per input: | 17.4   |
| Avg num queries:              | 95.74  |
+-------------------------------+--------+
Attack(
  (search_method): GreedyWordSwapWIR(
    (wir_method):  delete
  )
  (goal_function):  UntargetedClassification
  (transformation):  WordSwapEmbedding(
    (max_candidates):  50
    (embedding):  WordEmbedding
  )
  (constraints): 
    (0): WordEmbeddingDistance(
        (embedding):  WordEmbedding
        (min_cos_sim):  0.5
        (cased):  False
        (include_unknown_words):  True
        (compare_against_original):  True
      )
    (1): PartOfSpeech(
        (tagger_type):  nltk
        (tagset):  universal
        (allow_verb_noun_swap):  True
        (compare_against_original):  True
      )
    (2): UniversalSentenceEncoder(
        (metric):  angular
        (threshold):  0.840845057
        (window_size):  15
        (skip_text_shorter_than_window):  True
        (compare_against_original):  False
      )
    (3): RepeatModification
    (4): StopwordModification
    (5): InputColumnModification(
        (matching_column_labels):  ['premise', 'hypothesis']
        (columns_to_ignore):  {'premise'}
      )
  (is_black_box):  True
) 


+-------------------------------+--------+
| Attack Results                |        |
+-------------------------------+--------+
| Number of successful attacks: | 734    |
| Number of failed attacks:     | 67     |
| Number of skipped attacks:    | 71     |
| Original accuracy:            | 91.86% |
| Accuracy under attack:        | 7.68%  |
| Attack success rate:          | 91.64% |
| Average perturbed word %:     | 17.55% |
| Average num. words per input: | 17.4   |
| Avg num queries:              | 100.42 |
+-------------------------------+--------+
Attack(
  (search_method): GreedyWordSwapWIR(
    (wir_method):  delete
  )
  (goal_function):  UntargetedClassification
  (transformation):  WordSwapEmbedding(
    (max_candidates):  50
    (embedding):  WordEmbedding
  )
  (constraints): 
    (0): WordEmbeddingDistance(
        (embedding):  WordEmbedding
        (min_cos_sim):  0.5
        (cased):  False
        (include_unknown_words):  True
        (compare_against_original):  True
      )
    (1): PartOfSpeech(
        (tagger_type):  nltk
        (tagset):  universal
        (allow_verb_noun_swap):  True
        (compare_against_original):  True
      )
    (2): UniversalSentenceEncoder(
        (metric):  angular
        (threshold):  0.840845057
        (window_size):  15
        (skip_text_shorter_than_window):  True
        (compare_against_original):  False
      )
    (3): RepeatModification
    (4): StopwordModification
    (5): InputColumnModification(
        (matching_column_labels):  ['premise', 'hypothesis']
        (columns_to_ignore):  {'premise'}
      )
  (is_black_box):  True
) 


+-------------------------------+--------+
| Attack Results                |        |
+-------------------------------+--------+
| Number of successful attacks: | 764    |
| Number of failed attacks:     | 42     |
| Number of skipped attacks:    | 66     |
| Original accuracy:            | 92.43% |
| Accuracy under attack:        | 4.82%  |
| Attack success rate:          | 94.79% |
| Average perturbed word %:     | 18.72% |
| Average num. words per input: | 17.4   |
| Avg num queries:              | 99.44  |
+-------------------------------+--------+
Attack(
  (search_method): GreedyWordSwapWIR(
    (wir_method):  delete
  )
  (goal_function):  UntargetedClassification
  (transformation):  WordSwapEmbedding(
    (max_candidates):  50
    (embedding):  WordEmbedding
  )
  (constraints): 
    (0): WordEmbeddingDistance(
        (embedding):  WordEmbedding
        (min_cos_sim):  0.5
        (cased):  False
        (include_unknown_words):  True
        (compare_against_original):  True
      )
    (1): PartOfSpeech(
        (tagger_type):  nltk
        (tagset):  universal
        (allow_verb_noun_swap):  True
        (compare_against_original):  True
      )
    (2): UniversalSentenceEncoder(
        (metric):  angular
        (threshold):  0.840845057
        (window_size):  15
        (skip_text_shorter_than_window):  True
        (compare_against_original):  False
      )
    (3): RepeatModification
    (4): StopwordModification
    (5): InputColumnModification(
        (matching_column_labels):  ['premise', 'hypothesis']
        (columns_to_ignore):  {'premise'}
      )
  (is_black_box):  True
) 


+-------------------------------+--------+
| Attack Results                |        |
+-------------------------------+--------+
| Number of successful attacks: | 640    |
| Number of failed attacks:     | 164    |
| Number of skipped attacks:    | 68     |
| Original accuracy:            | 92.2%  |
| Accuracy under attack:        | 18.81% |
| Attack success rate:          | 79.6%  |
| Average perturbed word %:     | 19.15% |
| Average num. words per input: | 17.4   |
| Avg num queries:              | 122.88 |
+-------------------------------+--------+
Attack(
  (search_method): GreedyWordSwapWIR(
    (wir_method):  delete
  )
  (goal_function):  UntargetedClassification
  (transformation):  WordSwapEmbedding(
    (max_candidates):  50
    (embedding):  WordEmbedding
  )
  (constraints): 
    (0): WordEmbeddingDistance(
        (embedding):  WordEmbedding
        (min_cos_sim):  0.5
        (cased):  False
        (include_unknown_words):  True
        (compare_against_original):  True
      )
    (1): PartOfSpeech(
        (tagger_type):  nltk
        (tagset):  universal
        (allow_verb_noun_swap):  True
        (compare_against_original):  True
      )
    (2): UniversalSentenceEncoder(
        (metric):  angular
        (threshold):  0.840845057
        (window_size):  15
        (skip_text_shorter_than_window):  True
        (compare_against_original):  False
      )
    (3): RepeatModification
    (4): StopwordModification
    (5): InputColumnModification(
        (matching_column_labels):  ['premise', 'hypothesis']
        (columns_to_ignore):  {'premise'}
      )
  (is_black_box):  True
) 


+-------------------------------+--------+
| Attack Results                |        |
+-------------------------------+--------+
| Number of successful attacks: | 754    |
| Number of failed attacks:     | 45     |
| Number of skipped attacks:    | 73     |
| Original accuracy:            | 91.63% |
| Accuracy under attack:        | 5.16%  |
| Attack success rate:          | 94.37% |
| Average perturbed word %:     | 18.26% |
| Average num. words per input: | 17.4   |
| Avg num queries:              | 98.17  |
+-------------------------------+--------+
Attack(
  (search_method): GreedyWordSwapWIR(
    (wir_method):  delete
  )
  (goal_function):  UntargetedClassification
  (transformation):  WordSwapEmbedding(
    (max_candidates):  50
    (embedding):  WordEmbedding
  )
  (constraints): 
    (0): WordEmbeddingDistance(
        (embedding):  WordEmbedding
        (min_cos_sim):  0.5
        (cased):  False
        (include_unknown_words):  True
        (compare_against_original):  True
      )
    (1): PartOfSpeech(
        (tagger_type):  nltk
        (tagset):  universal
        (allow_verb_noun_swap):  True
        (compare_against_original):  True
      )
    (2): UniversalSentenceEncoder(
        (metric):  angular
        (threshold):  0.840845057
        (window_size):  15
        (skip_text_shorter_than_window):  True
        (compare_against_original):  False
      )
    (3): RepeatModification
    (4): StopwordModification
    (5): InputColumnModification(
        (matching_column_labels):  ['premise', 'hypothesis']
        (columns_to_ignore):  {'premise'}
      )
  (is_black_box):  True
) 


+-------------------------------+--------+
| Attack Results                |        |
+-------------------------------+--------+
| Number of successful attacks: | 709    |
| Number of failed attacks:     | 86     |
| Number of skipped attacks:    | 77     |
| Original accuracy:            | 91.17% |
| Accuracy under attack:        | 9.86%  |
| Attack success rate:          | 89.18% |
| Average perturbed word %:     | 19.37% |
| Average num. words per input: | 17.4   |
| Avg num queries:              | 111.3  |
+-------------------------------+--------+
Attack(
  (search_method): GreedyWordSwapWIR(
    (wir_method):  delete
  )
  (goal_function):  UntargetedClassification
  (transformation):  WordSwapEmbedding(
    (max_candidates):  50
    (embedding):  WordEmbedding
  )
  (constraints): 
    (0): WordEmbeddingDistance(
        (embedding):  WordEmbedding
        (min_cos_sim):  0.5
        (cased):  False
        (include_unknown_words):  True
        (compare_against_original):  True
      )
    (1): PartOfSpeech(
        (tagger_type):  nltk
        (tagset):  universal
        (allow_verb_noun_swap):  True
        (compare_against_original):  True
      )
    (2): UniversalSentenceEncoder(
        (metric):  angular
        (threshold):  0.840845057
        (window_size):  15
        (skip_text_shorter_than_window):  True
        (compare_against_original):  False
      )
    (3): RepeatModification
    (4): StopwordModification
    (5): InputColumnModification(
        (matching_column_labels):  ['premise', 'hypothesis']
        (columns_to_ignore):  {'premise'}
      )
  (is_black_box):  True
) 


+-------------------------------+--------+
| Attack Results                |        |
+-------------------------------+--------+
| Number of successful attacks: | 754    |
| Number of failed attacks:     | 47     |
| Number of skipped attacks:    | 71     |
| Original accuracy:            | 91.86% |
| Accuracy under attack:        | 5.39%  |
| Attack success rate:          | 94.13% |
| Average perturbed word %:     | 18.48% |
| Average num. words per input: | 17.4   |
| Avg num queries:              | 100.48 |
+-------------------------------+--------+
Attack(
  (search_method): GreedyWordSwapWIR(
    (wir_method):  delete
  )
  (goal_function):  UntargetedClassification
  (transformation):  WordSwapEmbedding(
    (max_candidates):  50
    (embedding):  WordEmbedding
  )
  (constraints): 
    (0): WordEmbeddingDistance(
        (embedding):  WordEmbedding
        (min_cos_sim):  0.5
        (cased):  False
        (include_unknown_words):  True
        (compare_against_original):  True
      )
    (1): PartOfSpeech(
        (tagger_type):  nltk
        (tagset):  universal
        (allow_verb_noun_swap):  True
        (compare_against_original):  True
      )
    (2): UniversalSentenceEncoder(
        (metric):  angular
        (threshold):  0.840845057
        (window_size):  15
        (skip_text_shorter_than_window):  True
        (compare_against_original):  False
      )
    (3): RepeatModification
    (4): StopwordModification
    (5): InputColumnModification(
        (matching_column_labels):  ['premise', 'hypothesis']
        (columns_to_ignore):  {'premise'}
      )
  (is_black_box):  True
) 


+-------------------------------+--------+
| Attack Results                |        |
+-------------------------------+--------+
| Number of successful attacks: | 717    |
| Number of failed attacks:     | 83     |
| Number of skipped attacks:    | 72     |
| Original accuracy:            | 91.74% |
| Accuracy under attack:        | 9.52%  |
| Attack success rate:          | 89.62% |
| Average perturbed word %:     | 17.86% |
| Average num. words per input: | 17.4   |
| Avg num queries:              | 103.45 |
+-------------------------------+--------+
Attack(
  (search_method): GreedyWordSwapWIR(
    (wir_method):  delete
  )
  (goal_function):  UntargetedClassification
  (transformation):  WordSwapEmbedding(
    (max_candidates):  50
    (embedding):  WordEmbedding
  )
  (constraints): 
    (0): WordEmbeddingDistance(
        (embedding):  WordEmbedding
        (min_cos_sim):  0.5
        (cased):  False
        (include_unknown_words):  True
        (compare_against_original):  True
      )
    (1): PartOfSpeech(
        (tagger_type):  nltk
        (tagset):  universal
        (allow_verb_noun_swap):  True
        (compare_against_original):  True
      )
    (2): UniversalSentenceEncoder(
        (metric):  angular
        (threshold):  0.840845057
        (window_size):  15
        (skip_text_shorter_than_window):  True
        (compare_against_original):  False
      )
    (3): RepeatModification
    (4): StopwordModification
    (5): InputColumnModification(
        (matching_column_labels):  ['premise', 'hypothesis']
        (columns_to_ignore):  {'premise'}
      )
  (is_black_box):  True
) 


+-------------------------------+--------+
| Attack Results                |        |
+-------------------------------+--------+
| Number of successful attacks: | 729    |
| Number of failed attacks:     | 67     |
| Number of skipped attacks:    | 76     |
| Original accuracy:            | 91.28% |
| Accuracy under attack:        | 7.68%  |
| Attack success rate:          | 91.58% |
| Average perturbed word %:     | 17.44% |
| Average num. words per input: | 17.4   |
| Avg num queries:              | 97.64  |
+-------------------------------+--------+
Attack(
  (search_method): GreedyWordSwapWIR(
    (wir_method):  delete
  )
  (goal_function):  UntargetedClassification
  (transformation):  WordSwapEmbedding(
    (max_candidates):  50
    (embedding):  WordEmbedding
  )
  (constraints): 
    (0): WordEmbeddingDistance(
        (embedding):  WordEmbedding
        (min_cos_sim):  0.5
        (cased):  False
        (include_unknown_words):  True
        (compare_against_original):  True
      )
    (1): PartOfSpeech(
        (tagger_type):  nltk
        (tagset):  universal
        (allow_verb_noun_swap):  True
        (compare_against_original):  True
      )
    (2): UniversalSentenceEncoder(
        (metric):  angular
        (threshold):  0.840845057
        (window_size):  15
        (skip_text_shorter_than_window):  True
        (compare_against_original):  False
      )
    (3): RepeatModification
    (4): StopwordModification
    (5): InputColumnModification(
        (matching_column_labels):  ['premise', 'hypothesis']
        (columns_to_ignore):  {'premise'}
      )
  (is_black_box):  True
) 


+-------------------------------+--------+
| Attack Results                |        |
+-------------------------------+--------+
| Number of successful attacks: | 710    |
| Number of failed attacks:     | 88     |
| Number of skipped attacks:    | 74     |
| Original accuracy:            | 91.51% |
| Accuracy under attack:        | 10.09% |
| Attack success rate:          | 88.97% |
| Average perturbed word %:     | 17.67% |
| Average num. words per input: | 17.4   |
| Avg num queries:              | 106.07 |
+-------------------------------+--------+
Attack(
  (search_method): GreedyWordSwapWIR(
    (wir_method):  delete
  )
  (goal_function):  UntargetedClassification
  (transformation):  WordSwapEmbedding(
    (max_candidates):  50
    (embedding):  WordEmbedding
  )
  (constraints): 
    (0): WordEmbeddingDistance(
        (embedding):  WordEmbedding
        (min_cos_sim):  0.5
        (cased):  False
        (include_unknown_words):  True
        (compare_against_original):  True
      )
    (1): PartOfSpeech(
        (tagger_type):  nltk
        (tagset):  universal
        (allow_verb_noun_swap):  True
        (compare_against_original):  True
      )
    (2): UniversalSentenceEncoder(
        (metric):  angular
        (threshold):  0.840845057
        (window_size):  15
        (skip_text_shorter_than_window):  True
        (compare_against_original):  False
      )
    (3): RepeatModification
    (4): StopwordModification
    (5): InputColumnModification(
        (matching_column_labels):  ['premise', 'hypothesis']
        (columns_to_ignore):  {'premise'}
      )
  (is_black_box):  True
) 


+-------------------------------+--------+
| Attack Results                |        |
+-------------------------------+--------+
| Number of successful attacks: | 762    |
| Number of failed attacks:     | 43     |
| Number of skipped attacks:    | 67     |
| Original accuracy:            | 92.32% |
| Accuracy under attack:        | 4.93%  |
| Attack success rate:          | 94.66% |
| Average perturbed word %:     | 16.74% |
| Average num. words per input: | 17.4   |
| Avg num queries:              | 91.37  |
+-------------------------------+--------+
Attack(
  (search_method): GreedyWordSwapWIR(
    (wir_method):  delete
  )
  (goal_function):  UntargetedClassification
  (transformation):  WordSwapEmbedding(
    (max_candidates):  50
    (embedding):  WordEmbedding
  )
  (constraints): 
    (0): WordEmbeddingDistance(
        (embedding):  WordEmbedding
        (min_cos_sim):  0.5
        (cased):  False
        (include_unknown_words):  True
        (compare_against_original):  True
      )
    (1): PartOfSpeech(
        (tagger_type):  nltk
        (tagset):  universal
        (allow_verb_noun_swap):  True
        (compare_against_original):  True
      )
    (2): UniversalSentenceEncoder(
        (metric):  angular
        (threshold):  0.840845057
        (window_size):  15
        (skip_text_shorter_than_window):  True
        (compare_against_original):  False
      )
    (3): RepeatModification
    (4): StopwordModification
    (5): InputColumnModification(
        (matching_column_labels):  ['premise', 'hypothesis']
        (columns_to_ignore):  {'premise'}
      )
  (is_black_box):  True
) 


+-------------------------------+--------+
| Attack Results                |        |
+-------------------------------+--------+
| Number of successful attacks: | 713    |
| Number of failed attacks:     | 85     |
| Number of skipped attacks:    | 74     |
| Original accuracy:            | 91.51% |
| Accuracy under attack:        | 9.75%  |
| Attack success rate:          | 89.35% |
| Average perturbed word %:     | 17.83% |
| Average num. words per input: | 17.4   |
| Avg num queries:              | 104.2  |
+-------------------------------+--------+
Attack(
  (search_method): GreedyWordSwapWIR(
    (wir_method):  delete
  )
  (goal_function):  UntargetedClassification
  (transformation):  WordSwapEmbedding(
    (max_candidates):  50
    (embedding):  WordEmbedding
  )
  (constraints): 
    (0): WordEmbeddingDistance(
        (embedding):  WordEmbedding
        (min_cos_sim):  0.5
        (cased):  False
        (include_unknown_words):  True
        (compare_against_original):  True
      )
    (1): PartOfSpeech(
        (tagger_type):  nltk
        (tagset):  universal
        (allow_verb_noun_swap):  True
        (compare_against_original):  True
      )
    (2): UniversalSentenceEncoder(
        (metric):  angular
        (threshold):  0.840845057
        (window_size):  15
        (skip_text_shorter_than_window):  True
        (compare_against_original):  False
      )
    (3): RepeatModification
    (4): StopwordModification
    (5): InputColumnModification(
        (matching_column_labels):  ['premise', 'hypothesis']
        (columns_to_ignore):  {'premise'}
      )
  (is_black_box):  True
) 


+-------------------------------+--------+
| Attack Results                |        |
+-------------------------------+--------+
| Number of successful attacks: | 681    |
| Number of failed attacks:     | 122    |
| Number of skipped attacks:    | 69     |
| Original accuracy:            | 92.09% |
| Accuracy under attack:        | 13.99% |
| Attack success rate:          | 84.81% |
| Average perturbed word %:     | 17.51% |
| Average num. words per input: | 17.4   |
| Avg num queries:              | 111.15 |
+-------------------------------+--------+
Attack(
  (search_method): GreedyWordSwapWIR(
    (wir_method):  delete
  )
  (goal_function):  UntargetedClassification
  (transformation):  WordSwapEmbedding(
    (max_candidates):  50
    (embedding):  WordEmbedding
  )
  (constraints): 
    (0): WordEmbeddingDistance(
        (embedding):  WordEmbedding
        (min_cos_sim):  0.5
        (cased):  False
        (include_unknown_words):  True
        (compare_against_original):  True
      )
    (1): PartOfSpeech(
        (tagger_type):  nltk
        (tagset):  universal
        (allow_verb_noun_swap):  True
        (compare_against_original):  True
      )
    (2): UniversalSentenceEncoder(
        (metric):  angular
        (threshold):  0.840845057
        (window_size):  15
        (skip_text_shorter_than_window):  True
        (compare_against_original):  False
      )
    (3): RepeatModification
    (4): StopwordModification
    (5): InputColumnModification(
        (matching_column_labels):  ['premise', 'hypothesis']
        (columns_to_ignore):  {'premise'}
      )
  (is_black_box):  True
) 


+-------------------------------+--------+
| Attack Results                |        |
+-------------------------------+--------+
| Number of successful attacks: | 716    |
| Number of failed attacks:     | 88     |
| Number of skipped attacks:    | 68     |
| Original accuracy:            | 92.2%  |
| Accuracy under attack:        | 10.09% |
| Attack success rate:          | 89.05% |
| Average perturbed word %:     | 17.04% |
| Average num. words per input: | 17.4   |
| Avg num queries:              | 102.66 |
+-------------------------------+--------+
Attack(
  (search_method): GreedyWordSwapWIR(
    (wir_method):  delete
  )
  (goal_function):  UntargetedClassification
  (transformation):  WordSwapEmbedding(
    (max_candidates):  50
    (embedding):  WordEmbedding
  )
  (constraints): 
    (0): WordEmbeddingDistance(
        (embedding):  WordEmbedding
        (min_cos_sim):  0.5
        (cased):  False
        (include_unknown_words):  True
        (compare_against_original):  True
      )
    (1): PartOfSpeech(
        (tagger_type):  nltk
        (tagset):  universal
        (allow_verb_noun_swap):  True
        (compare_against_original):  True
      )
    (2): UniversalSentenceEncoder(
        (metric):  angular
        (threshold):  0.840845057
        (window_size):  15
        (skip_text_shorter_than_window):  True
        (compare_against_original):  False
      )
    (3): RepeatModification
    (4): StopwordModification
    (5): InputColumnModification(
        (matching_column_labels):  ['premise', 'hypothesis']
        (columns_to_ignore):  {'premise'}
      )
  (is_black_box):  True
) 


+-------------------------------+--------+
| Attack Results                |        |
+-------------------------------+--------+
| Number of successful attacks: | 690    |
| Number of failed attacks:     | 111    |
| Number of skipped attacks:    | 71     |
| Original accuracy:            | 91.86% |
| Accuracy under attack:        | 12.73% |
| Attack success rate:          | 86.14% |
| Average perturbed word %:     | 17.38% |
| Average num. words per input: | 17.4   |
| Avg num queries:              | 107.14 |
+-------------------------------+--------+
Attack(
  (search_method): GreedyWordSwapWIR(
    (wir_method):  delete
  )
  (goal_function):  UntargetedClassification
  (transformation):  WordSwapEmbedding(
    (max_candidates):  50
    (embedding):  WordEmbedding
  )
  (constraints): 
    (0): WordEmbeddingDistance(
        (embedding):  WordEmbedding
        (min_cos_sim):  0.5
        (cased):  False
        (include_unknown_words):  True
        (compare_against_original):  True
      )
    (1): PartOfSpeech(
        (tagger_type):  nltk
        (tagset):  universal
        (allow_verb_noun_swap):  True
        (compare_against_original):  True
      )
    (2): UniversalSentenceEncoder(
        (metric):  angular
        (threshold):  0.840845057
        (window_size):  15
        (skip_text_shorter_than_window):  True
        (compare_against_original):  False
      )
    (3): RepeatModification
    (4): StopwordModification
    (5): InputColumnModification(
        (matching_column_labels):  ['premise', 'hypothesis']
        (columns_to_ignore):  {'premise'}
      )
  (is_black_box):  True
) 


+-------------------------------+--------+
| Attack Results                |        |
+-------------------------------+--------+
| Number of successful attacks: | 580    |
| Number of failed attacks:     | 216    |
| Number of skipped attacks:    | 76     |
| Original accuracy:            | 91.28% |
| Accuracy under attack:        | 24.77% |
| Attack success rate:          | 72.86% |
| Average perturbed word %:     | 17.06% |
| Average num. words per input: | 17.4   |
| Avg num queries:              | 131.17 |
+-------------------------------+--------+
Attack(
  (search_method): GreedyWordSwapWIR(
    (wir_method):  delete
  )
  (goal_function):  UntargetedClassification
  (transformation):  WordSwapEmbedding(
    (max_candidates):  50
    (embedding):  WordEmbedding
  )
  (constraints): 
    (0): WordEmbeddingDistance(
        (embedding):  WordEmbedding
        (min_cos_sim):  0.5
        (cased):  False
        (include_unknown_words):  True
        (compare_against_original):  True
      )
    (1): PartOfSpeech(
        (tagger_type):  nltk
        (tagset):  universal
        (allow_verb_noun_swap):  True
        (compare_against_original):  True
      )
    (2): UniversalSentenceEncoder(
        (metric):  angular
        (threshold):  0.840845057
        (window_size):  15
        (skip_text_shorter_than_window):  True
        (compare_against_original):  False
      )
    (3): RepeatModification
    (4): StopwordModification
    (5): InputColumnModification(
        (matching_column_labels):  ['premise', 'hypothesis']
        (columns_to_ignore):  {'premise'}
      )
  (is_black_box):  True
) 


+-------------------------------+--------+
| Attack Results                |        |
+-------------------------------+--------+
| Number of successful attacks: | 678    |
| Number of failed attacks:     | 117    |
| Number of skipped attacks:    | 77     |
| Original accuracy:            | 91.17% |
| Accuracy under attack:        | 13.42% |
| Attack success rate:          | 85.28% |
| Average perturbed word %:     | 17.24% |
| Average num. words per input: | 17.4   |
| Avg num queries:              | 109.76 |
+-------------------------------+--------+
Attack(
  (search_method): GreedyWordSwapWIR(
    (wir_method):  delete
  )
  (goal_function):  UntargetedClassification
  (transformation):  WordSwapEmbedding(
    (max_candidates):  50
    (embedding):  WordEmbedding
  )
  (constraints): 
    (0): WordEmbeddingDistance(
        (embedding):  WordEmbedding
        (min_cos_sim):  0.5
        (cased):  False
        (include_unknown_words):  True
        (compare_against_original):  True
      )
    (1): PartOfSpeech(
        (tagger_type):  nltk
        (tagset):  universal
        (allow_verb_noun_swap):  True
        (compare_against_original):  True
      )
    (2): UniversalSentenceEncoder(
        (metric):  angular
        (threshold):  0.840845057
        (window_size):  15
        (skip_text_shorter_than_window):  True
        (compare_against_original):  False
      )
    (3): RepeatModification
    (4): StopwordModification
    (5): InputColumnModification(
        (matching_column_labels):  ['premise', 'hypothesis']
        (columns_to_ignore):  {'premise'}
      )
  (is_black_box):  True
) 


+-------------------------------+--------+
| Attack Results                |        |
+-------------------------------+--------+
| Number of successful attacks: | 646    |
| Number of failed attacks:     | 153    |
| Number of skipped attacks:    | 73     |
| Original accuracy:            | 91.63% |
| Accuracy under attack:        | 17.55% |
| Attack success rate:          | 80.85% |
| Average perturbed word %:     | 17.76% |
| Average num. words per input: | 17.4   |
| Avg num queries:              | 119.71 |
+-------------------------------+--------+
Attack(
  (search_method): GreedyWordSwapWIR(
    (wir_method):  delete
  )
  (goal_function):  UntargetedClassification
  (transformation):  WordSwapEmbedding(
    (max_candidates):  50
    (embedding):  WordEmbedding
  )
  (constraints): 
    (0): WordEmbeddingDistance(
        (embedding):  WordEmbedding
        (min_cos_sim):  0.5
        (cased):  False
        (include_unknown_words):  True
        (compare_against_original):  True
      )
    (1): PartOfSpeech(
        (tagger_type):  nltk
        (tagset):  universal
        (allow_verb_noun_swap):  True
        (compare_against_original):  True
      )
    (2): UniversalSentenceEncoder(
        (metric):  angular
        (threshold):  0.840845057
        (window_size):  15
        (skip_text_shorter_than_window):  True
        (compare_against_original):  False
      )
    (3): RepeatModification
    (4): StopwordModification
    (5): InputColumnModification(
        (matching_column_labels):  ['premise', 'hypothesis']
        (columns_to_ignore):  {'premise'}
      )
  (is_black_box):  True
) 


+-------------------------------+--------+
| Attack Results                |        |
+-------------------------------+--------+
| Number of successful attacks: | 596    |
| Number of failed attacks:     | 203    |
| Number of skipped attacks:    | 73     |
| Original accuracy:            | 91.63% |
| Accuracy under attack:        | 23.28% |
| Attack success rate:          | 74.59% |
| Average perturbed word %:     | 17.48% |
| Average num. words per input: | 17.4   |
| Avg num queries:              | 129.14 |
+-------------------------------+--------+
Attack(
  (search_method): GreedyWordSwapWIR(
    (wir_method):  delete
  )
  (goal_function):  UntargetedClassification
  (transformation):  WordSwapEmbedding(
    (max_candidates):  50
    (embedding):  WordEmbedding
  )
  (constraints): 
    (0): WordEmbeddingDistance(
        (embedding):  WordEmbedding
        (min_cos_sim):  0.5
        (cased):  False
        (include_unknown_words):  True
        (compare_against_original):  True
      )
    (1): PartOfSpeech(
        (tagger_type):  nltk
        (tagset):  universal
        (allow_verb_noun_swap):  True
        (compare_against_original):  True
      )
    (2): UniversalSentenceEncoder(
        (metric):  angular
        (threshold):  0.840845057
        (window_size):  15
        (skip_text_shorter_than_window):  True
        (compare_against_original):  False
      )
    (3): RepeatModification
    (4): StopwordModification
    (5): InputColumnModification(
        (matching_column_labels):  ['premise', 'hypothesis']
        (columns_to_ignore):  {'premise'}
      )
  (is_black_box):  True
) 


+-------------------------------+--------+
| Attack Results                |        |
+-------------------------------+--------+
| Number of successful attacks: | 582    |
| Number of failed attacks:     | 221    |
| Number of skipped attacks:    | 69     |
| Original accuracy:            | 92.09% |
| Accuracy under attack:        | 25.34% |
| Attack success rate:          | 72.48% |
| Average perturbed word %:     | 17.71% |
| Average num. words per input: | 17.4   |
| Avg num queries:              | 132.85 |
+-------------------------------+--------+
Attack(
  (search_method): GreedyWordSwapWIR(
    (wir_method):  delete
  )
  (goal_function):  UntargetedClassification
  (transformation):  WordSwapEmbedding(
    (max_candidates):  50
    (embedding):  WordEmbedding
  )
  (constraints): 
    (0): WordEmbeddingDistance(
        (embedding):  WordEmbedding
        (min_cos_sim):  0.5
        (cased):  False
        (include_unknown_words):  True
        (compare_against_original):  True
      )
    (1): PartOfSpeech(
        (tagger_type):  nltk
        (tagset):  universal
        (allow_verb_noun_swap):  True
        (compare_against_original):  True
      )
    (2): UniversalSentenceEncoder(
        (metric):  angular
        (threshold):  0.840845057
        (window_size):  15
        (skip_text_shorter_than_window):  True
        (compare_against_original):  False
      )
    (3): RepeatModification
    (4): StopwordModification
    (5): InputColumnModification(
        (matching_column_labels):  ['premise', 'hypothesis']
        (columns_to_ignore):  {'premise'}
      )
  (is_black_box):  True
) 


+-------------------------------+--------+
| Attack Results                |        |
+-------------------------------+--------+
| Number of successful attacks: | 564    |
| Number of failed attacks:     | 238    |
| Number of skipped attacks:    | 70     |
| Original accuracy:            | 91.97% |
| Accuracy under attack:        | 27.29% |
| Attack success rate:          | 70.32% |
| Average perturbed word %:     | 17.45% |
| Average num. words per input: | 17.4   |
| Avg num queries:              | 135.39 |
+-------------------------------+--------+
