Making checkpoint directory: save_models/fine-tune/finetune_bert-base-uncased_glue-sst2_lr2e-05_epochs17_seed42
Epoch: 0, Loss:  0.3105, Lr:  1.177e-05, Dev_Accuracy: 0.9094036697247705
**** Test Accuracy: 0.9094036697247705, Test_Loss: 0.21466295075203615
Epoch: 1, Loss:  0.1475, Lr:  1.961e-05, Dev_Accuracy: 0.9220183486238531
**** Test Accuracy: 0.9220183486238531, Test_Loss: 0.21972472539969776
Epoch: 2, Loss:  0.0981, Lr:  1.830e-05, Dev_Accuracy: 0.9231651376146788
**** Test Accuracy: 0.9231651376146788, Test_Loss: 0.25496652482875665
Epoch: 3, Loss:  0.0656, Lr:  1.699e-05, Dev_Accuracy: 0.9208715596330274
Epoch: 4, Loss:  0.0462, Lr:  1.569e-05, Dev_Accuracy: 0.9266055045871558
**** Test Accuracy: 0.9266055045871558, Test_Loss: 0.2555484671943945
Epoch: 5, Loss:  0.0326, Lr:  1.438e-05, Dev_Accuracy: 0.9277522935779815
**** Test Accuracy: 0.9277522935779815, Test_Loss: 0.27764344375048267
Epoch: 6, Loss:  0.0268, Lr:  1.307e-05, Dev_Accuracy: 0.9243119266055044
Epoch: 7, Loss:  0.0182, Lr:  1.176e-05, Dev_Accuracy: 0.9197247706422017
Epoch: 8, Loss:  0.0149, Lr:  1.046e-05, Dev_Accuracy: 0.9197247706422017
Epoch: 9, Loss:  0.0118, Lr:  9.148e-06, Dev_Accuracy: 0.9231651376146788
Epoch: 10, Loss:  0.0099, Lr:  7.841e-06, Dev_Accuracy: 0.9220183486238531
Epoch: 11, Loss:  0.0069, Lr:  6.533e-06, Dev_Accuracy: 0.9220183486238531
Epoch: 12, Loss:  0.0059, Lr:  5.226e-06, Dev_Accuracy: 0.9197247706422017
Epoch: 13, Loss:  0.0047, Lr:  3.918e-06, Dev_Accuracy: 0.9208715596330274
Epoch: 14, Loss:  0.0031, Lr:  2.611e-06, Dev_Accuracy: 0.9208715596330274
Epoch: 15, Loss:  0.0028, Lr:  1.304e-06, Dev_Accuracy: 0.9220183486238531
Epoch: 16, Loss:  0.0016, Lr:  0.000e+00, Dev_Accuracy: 0.9208715596330274
**** Best dev metric: 0.9277522935779815 in Epoch: 5
**** Best Test metric: 0.9277522935779815 in Epoch: 5
Last epoch test_accuracy: 0.9208715596330274, test_loss: 0.6118888056001045
Attack(
  (search_method): GreedyWordSwapWIR(
    (wir_method):  delete
  )
  (goal_function):  UntargetedClassification
  (transformation):  WordSwapEmbedding(
    (max_candidates):  50
    (embedding):  WordEmbedding
  )
  (constraints): 
    (0): WordEmbeddingDistance(
        (embedding):  WordEmbedding
        (min_cos_sim):  0.5
        (cased):  False
        (include_unknown_words):  True
        (compare_against_original):  True
      )
    (1): PartOfSpeech(
        (tagger_type):  nltk
        (tagset):  universal
        (allow_verb_noun_swap):  True
        (compare_against_original):  True
      )
    (2): UniversalSentenceEncoder(
        (metric):  angular
        (threshold):  0.840845057
        (window_size):  15
        (skip_text_shorter_than_window):  True
        (compare_against_original):  False
      )
    (3): RepeatModification
    (4): StopwordModification
    (5): InputColumnModification(
        (matching_column_labels):  ['premise', 'hypothesis']
        (columns_to_ignore):  {'premise'}
      )
  (is_black_box):  True
) 


+-------------------------------+--------+
| Attack Results                |        |
+-------------------------------+--------+
| Number of successful attacks: | 739    |
| Number of failed attacks:     | 54     |
| Number of skipped attacks:    | 79     |
| Original accuracy:            | 90.94% |
| Accuracy under attack:        | 6.19%  |
| Attack success rate:          | 93.19% |
| Average perturbed word %:     | 17.54% |
| Average num. words per input: | 17.4   |
| Avg num queries:              | 97.54  |
+-------------------------------+--------+
Attack(
  (search_method): GreedyWordSwapWIR(
    (wir_method):  delete
  )
  (goal_function):  UntargetedClassification
  (transformation):  WordSwapEmbedding(
    (max_candidates):  50
    (embedding):  WordEmbedding
  )
  (constraints): 
    (0): WordEmbeddingDistance(
        (embedding):  WordEmbedding
        (min_cos_sim):  0.5
        (cased):  False
        (include_unknown_words):  True
        (compare_against_original):  True
      )
    (1): PartOfSpeech(
        (tagger_type):  nltk
        (tagset):  universal
        (allow_verb_noun_swap):  True
        (compare_against_original):  True
      )
    (2): UniversalSentenceEncoder(
        (metric):  angular
        (threshold):  0.840845057
        (window_size):  15
        (skip_text_shorter_than_window):  True
        (compare_against_original):  False
      )
    (3): RepeatModification
    (4): StopwordModification
    (5): InputColumnModification(
        (matching_column_labels):  ['premise', 'hypothesis']
        (columns_to_ignore):  {'premise'}
      )
  (is_black_box):  True
) 


+-------------------------------+--------+
| Attack Results                |        |
+-------------------------------+--------+
| Number of successful attacks: | 760    |
| Number of failed attacks:     | 44     |
| Number of skipped attacks:    | 68     |
| Original accuracy:            | 92.2%  |
| Accuracy under attack:        | 5.05%  |
| Attack success rate:          | 94.53% |
| Average perturbed word %:     | 16.47% |
| Average num. words per input: | 17.4   |
| Avg num queries:              | 92.46  |
+-------------------------------+--------+
Attack(
  (search_method): GreedyWordSwapWIR(
    (wir_method):  delete
  )
  (goal_function):  UntargetedClassification
  (transformation):  WordSwapEmbedding(
    (max_candidates):  50
    (embedding):  WordEmbedding
  )
  (constraints): 
    (0): WordEmbeddingDistance(
        (embedding):  WordEmbedding
        (min_cos_sim):  0.5
        (cased):  False
        (include_unknown_words):  True
        (compare_against_original):  True
      )
    (1): PartOfSpeech(
        (tagger_type):  nltk
        (tagset):  universal
        (allow_verb_noun_swap):  True
        (compare_against_original):  True
      )
    (2): UniversalSentenceEncoder(
        (metric):  angular
        (threshold):  0.840845057
        (window_size):  15
        (skip_text_shorter_than_window):  True
        (compare_against_original):  False
      )
    (3): RepeatModification
    (4): StopwordModification
    (5): InputColumnModification(
        (matching_column_labels):  ['premise', 'hypothesis']
        (columns_to_ignore):  {'premise'}
      )
  (is_black_box):  True
) 


+-------------------------------+--------+
| Attack Results                |        |
+-------------------------------+--------+
| Number of successful attacks: | 769    |
| Number of failed attacks:     | 36     |
| Number of skipped attacks:    | 67     |
| Original accuracy:            | 92.32% |
| Accuracy under attack:        | 4.13%  |
| Attack success rate:          | 95.53% |
| Average perturbed word %:     | 16.7%  |
| Average num. words per input: | 17.4   |
| Avg num queries:              | 91.33  |
+-------------------------------+--------+
Attack(
  (search_method): GreedyWordSwapWIR(
    (wir_method):  delete
  )
  (goal_function):  UntargetedClassification
  (transformation):  WordSwapEmbedding(
    (max_candidates):  50
    (embedding):  WordEmbedding
  )
  (constraints): 
    (0): WordEmbeddingDistance(
        (embedding):  WordEmbedding
        (min_cos_sim):  0.5
        (cased):  False
        (include_unknown_words):  True
        (compare_against_original):  True
      )
    (1): PartOfSpeech(
        (tagger_type):  nltk
        (tagset):  universal
        (allow_verb_noun_swap):  True
        (compare_against_original):  True
      )
    (2): UniversalSentenceEncoder(
        (metric):  angular
        (threshold):  0.840845057
        (window_size):  15
        (skip_text_shorter_than_window):  True
        (compare_against_original):  False
      )
    (3): RepeatModification
    (4): StopwordModification
    (5): InputColumnModification(
        (matching_column_labels):  ['premise', 'hypothesis']
        (columns_to_ignore):  {'premise'}
      )
  (is_black_box):  True
) 


+-------------------------------+--------+
| Attack Results                |        |
+-------------------------------+--------+
| Number of successful attacks: | 763    |
| Number of failed attacks:     | 40     |
| Number of skipped attacks:    | 69     |
| Original accuracy:            | 92.09% |
| Accuracy under attack:        | 4.59%  |
| Attack success rate:          | 95.02% |
| Average perturbed word %:     | 17.4%  |
| Average num. words per input: | 17.4   |
| Avg num queries:              | 94.67  |
+-------------------------------+--------+
Attack(
  (search_method): GreedyWordSwapWIR(
    (wir_method):  delete
  )
  (goal_function):  UntargetedClassification
  (transformation):  WordSwapEmbedding(
    (max_candidates):  50
    (embedding):  WordEmbedding
  )
  (constraints): 
    (0): WordEmbeddingDistance(
        (embedding):  WordEmbedding
        (min_cos_sim):  0.5
        (cased):  False
        (include_unknown_words):  True
        (compare_against_original):  True
      )
    (1): PartOfSpeech(
        (tagger_type):  nltk
        (tagset):  universal
        (allow_verb_noun_swap):  True
        (compare_against_original):  True
      )
    (2): UniversalSentenceEncoder(
        (metric):  angular
        (threshold):  0.840845057
        (window_size):  15
        (skip_text_shorter_than_window):  True
        (compare_against_original):  False
      )
    (3): RepeatModification
    (4): StopwordModification
    (5): InputColumnModification(
        (matching_column_labels):  ['premise', 'hypothesis']
        (columns_to_ignore):  {'premise'}
      )
  (is_black_box):  True
) 


+-------------------------------+--------+
| Attack Results                |        |
+-------------------------------+--------+
| Number of successful attacks: | 739    |
| Number of failed attacks:     | 69     |
| Number of skipped attacks:    | 64     |
| Original accuracy:            | 92.66% |
| Accuracy under attack:        | 7.91%  |
| Attack success rate:          | 91.46% |
| Average perturbed word %:     | 19.29% |
| Average num. words per input: | 17.4   |
| Avg num queries:              | 109.0  |
+-------------------------------+--------+
Attack(
  (search_method): GreedyWordSwapWIR(
    (wir_method):  delete
  )
  (goal_function):  UntargetedClassification
  (transformation):  WordSwapEmbedding(
    (max_candidates):  50
    (embedding):  WordEmbedding
  )
  (constraints): 
    (0): WordEmbeddingDistance(
        (embedding):  WordEmbedding
        (min_cos_sim):  0.5
        (cased):  False
        (include_unknown_words):  True
        (compare_against_original):  True
      )
    (1): PartOfSpeech(
        (tagger_type):  nltk
        (tagset):  universal
        (allow_verb_noun_swap):  True
        (compare_against_original):  True
      )
    (2): UniversalSentenceEncoder(
        (metric):  angular
        (threshold):  0.840845057
        (window_size):  15
        (skip_text_shorter_than_window):  True
        (compare_against_original):  False
      )
    (3): RepeatModification
    (4): StopwordModification
    (5): InputColumnModification(
        (matching_column_labels):  ['premise', 'hypothesis']
        (columns_to_ignore):  {'premise'}
      )
  (is_black_box):  True
) 


+-------------------------------+--------+
| Attack Results                |        |
+-------------------------------+--------+
| Number of successful attacks: | 782    |
| Number of failed attacks:     | 27     |
| Number of skipped attacks:    | 63     |
| Original accuracy:            | 92.78% |
| Accuracy under attack:        | 3.1%   |
| Attack success rate:          | 96.66% |
| Average perturbed word %:     | 17.38% |
| Average num. words per input: | 17.4   |
| Avg num queries:              | 92.51  |
+-------------------------------+--------+
Attack(
  (search_method): GreedyWordSwapWIR(
    (wir_method):  delete
  )
  (goal_function):  UntargetedClassification
  (transformation):  WordSwapEmbedding(
    (max_candidates):  50
    (embedding):  WordEmbedding
  )
  (constraints): 
    (0): WordEmbeddingDistance(
        (embedding):  WordEmbedding
        (min_cos_sim):  0.5
        (cased):  False
        (include_unknown_words):  True
        (compare_against_original):  True
      )
    (1): PartOfSpeech(
        (tagger_type):  nltk
        (tagset):  universal
        (allow_verb_noun_swap):  True
        (compare_against_original):  True
      )
    (2): UniversalSentenceEncoder(
        (metric):  angular
        (threshold):  0.840845057
        (window_size):  15
        (skip_text_shorter_than_window):  True
        (compare_against_original):  False
      )
    (3): RepeatModification
    (4): StopwordModification
    (5): InputColumnModification(
        (matching_column_labels):  ['premise', 'hypothesis']
        (columns_to_ignore):  {'premise'}
      )
  (is_black_box):  True
) 


+-------------------------------+--------+
| Attack Results                |        |
+-------------------------------+--------+
| Number of successful attacks: | 753    |
| Number of failed attacks:     | 53     |
| Number of skipped attacks:    | 66     |
| Original accuracy:            | 92.43% |
| Accuracy under attack:        | 6.08%  |
| Attack success rate:          | 93.42% |
| Average perturbed word %:     | 18.04% |
| Average num. words per input: | 17.4   |
| Avg num queries:              | 99.9   |
+-------------------------------+--------+
Attack(
  (search_method): GreedyWordSwapWIR(
    (wir_method):  delete
  )
  (goal_function):  UntargetedClassification
  (transformation):  WordSwapEmbedding(
    (max_candidates):  50
    (embedding):  WordEmbedding
  )
  (constraints): 
    (0): WordEmbeddingDistance(
        (embedding):  WordEmbedding
        (min_cos_sim):  0.5
        (cased):  False
        (include_unknown_words):  True
        (compare_against_original):  True
      )
    (1): PartOfSpeech(
        (tagger_type):  nltk
        (tagset):  universal
        (allow_verb_noun_swap):  True
        (compare_against_original):  True
      )
    (2): UniversalSentenceEncoder(
        (metric):  angular
        (threshold):  0.840845057
        (window_size):  15
        (skip_text_shorter_than_window):  True
        (compare_against_original):  False
      )
    (3): RepeatModification
    (4): StopwordModification
    (5): InputColumnModification(
        (matching_column_labels):  ['premise', 'hypothesis']
        (columns_to_ignore):  {'premise'}
      )
  (is_black_box):  True
) 


+-------------------------------+--------+
| Attack Results                |        |
+-------------------------------+--------+
| Number of successful attacks: | 746    |
| Number of failed attacks:     | 56     |
| Number of skipped attacks:    | 70     |
| Original accuracy:            | 91.97% |
| Accuracy under attack:        | 6.42%  |
| Attack success rate:          | 93.02% |
| Average perturbed word %:     | 18.67% |
| Average num. words per input: | 17.4   |
| Avg num queries:              | 102.02 |
+-------------------------------+--------+
Attack(
  (search_method): GreedyWordSwapWIR(
    (wir_method):  delete
  )
  (goal_function):  UntargetedClassification
  (transformation):  WordSwapEmbedding(
    (max_candidates):  50
    (embedding):  WordEmbedding
  )
  (constraints): 
    (0): WordEmbeddingDistance(
        (embedding):  WordEmbedding
        (min_cos_sim):  0.5
        (cased):  False
        (include_unknown_words):  True
        (compare_against_original):  True
      )
    (1): PartOfSpeech(
        (tagger_type):  nltk
        (tagset):  universal
        (allow_verb_noun_swap):  True
        (compare_against_original):  True
      )
    (2): UniversalSentenceEncoder(
        (metric):  angular
        (threshold):  0.840845057
        (window_size):  15
        (skip_text_shorter_than_window):  True
        (compare_against_original):  False
      )
    (3): RepeatModification
    (4): StopwordModification
    (5): InputColumnModification(
        (matching_column_labels):  ['premise', 'hypothesis']
        (columns_to_ignore):  {'premise'}
      )
  (is_black_box):  True
) 


+-------------------------------+--------+
| Attack Results                |        |
+-------------------------------+--------+
| Number of successful attacks: | 738    |
| Number of failed attacks:     | 64     |
| Number of skipped attacks:    | 70     |
| Original accuracy:            | 91.97% |
| Accuracy under attack:        | 7.34%  |
| Attack success rate:          | 92.02% |
| Average perturbed word %:     | 19.04% |
| Average num. words per input: | 17.4   |
| Avg num queries:              | 105.46 |
+-------------------------------+--------+
Attack(
  (search_method): GreedyWordSwapWIR(
    (wir_method):  delete
  )
  (goal_function):  UntargetedClassification
  (transformation):  WordSwapEmbedding(
    (max_candidates):  50
    (embedding):  WordEmbedding
  )
  (constraints): 
    (0): WordEmbeddingDistance(
        (embedding):  WordEmbedding
        (min_cos_sim):  0.5
        (cased):  False
        (include_unknown_words):  True
        (compare_against_original):  True
      )
    (1): PartOfSpeech(
        (tagger_type):  nltk
        (tagset):  universal
        (allow_verb_noun_swap):  True
        (compare_against_original):  True
      )
    (2): UniversalSentenceEncoder(
        (metric):  angular
        (threshold):  0.840845057
        (window_size):  15
        (skip_text_shorter_than_window):  True
        (compare_against_original):  False
      )
    (3): RepeatModification
    (4): StopwordModification
    (5): InputColumnModification(
        (matching_column_labels):  ['premise', 'hypothesis']
        (columns_to_ignore):  {'premise'}
      )
  (is_black_box):  True
) 


+-------------------------------+--------+
| Attack Results                |        |
+-------------------------------+--------+
| Number of successful attacks: | 727    |
| Number of failed attacks:     | 78     |
| Number of skipped attacks:    | 67     |
| Original accuracy:            | 92.32% |
| Accuracy under attack:        | 8.94%  |
| Attack success rate:          | 90.31% |
| Average perturbed word %:     | 18.16% |
| Average num. words per input: | 17.4   |
| Avg num queries:              | 105.26 |
+-------------------------------+--------+
Attack(
  (search_method): GreedyWordSwapWIR(
    (wir_method):  delete
  )
  (goal_function):  UntargetedClassification
  (transformation):  WordSwapEmbedding(
    (max_candidates):  50
    (embedding):  WordEmbedding
  )
  (constraints): 
    (0): WordEmbeddingDistance(
        (embedding):  WordEmbedding
        (min_cos_sim):  0.5
        (cased):  False
        (include_unknown_words):  True
        (compare_against_original):  True
      )
    (1): PartOfSpeech(
        (tagger_type):  nltk
        (tagset):  universal
        (allow_verb_noun_swap):  True
        (compare_against_original):  True
      )
    (2): UniversalSentenceEncoder(
        (metric):  angular
        (threshold):  0.840845057
        (window_size):  15
        (skip_text_shorter_than_window):  True
        (compare_against_original):  False
      )
    (3): RepeatModification
    (4): StopwordModification
    (5): InputColumnModification(
        (matching_column_labels):  ['premise', 'hypothesis']
        (columns_to_ignore):  {'premise'}
      )
  (is_black_box):  True
) 


+-------------------------------+--------+
| Attack Results                |        |
+-------------------------------+--------+
| Number of successful attacks: | 751    |
| Number of failed attacks:     | 53     |
| Number of skipped attacks:    | 68     |
| Original accuracy:            | 92.2%  |
| Accuracy under attack:        | 6.08%  |
| Attack success rate:          | 93.41% |
| Average perturbed word %:     | 17.71% |
| Average num. words per input: | 17.4   |
| Avg num queries:              | 98.71  |
+-------------------------------+--------+
Attack(
  (search_method): GreedyWordSwapWIR(
    (wir_method):  delete
  )
  (goal_function):  UntargetedClassification
  (transformation):  WordSwapEmbedding(
    (max_candidates):  50
    (embedding):  WordEmbedding
  )
  (constraints): 
    (0): WordEmbeddingDistance(
        (embedding):  WordEmbedding
        (min_cos_sim):  0.5
        (cased):  False
        (include_unknown_words):  True
        (compare_against_original):  True
      )
    (1): PartOfSpeech(
        (tagger_type):  nltk
        (tagset):  universal
        (allow_verb_noun_swap):  True
        (compare_against_original):  True
      )
    (2): UniversalSentenceEncoder(
        (metric):  angular
        (threshold):  0.840845057
        (window_size):  15
        (skip_text_shorter_than_window):  True
        (compare_against_original):  False
      )
    (3): RepeatModification
    (4): StopwordModification
    (5): InputColumnModification(
        (matching_column_labels):  ['premise', 'hypothesis']
        (columns_to_ignore):  {'premise'}
      )
  (is_black_box):  True
) 


+-------------------------------+--------+
| Attack Results                |        |
+-------------------------------+--------+
| Number of successful attacks: | 740    |
| Number of failed attacks:     | 64     |
| Number of skipped attacks:    | 68     |
| Original accuracy:            | 92.2%  |
| Accuracy under attack:        | 7.34%  |
| Attack success rate:          | 92.04% |
| Average perturbed word %:     | 17.71% |
| Average num. words per input: | 17.4   |
| Avg num queries:              | 99.6   |
+-------------------------------+--------+
Attack(
  (search_method): GreedyWordSwapWIR(
    (wir_method):  delete
  )
  (goal_function):  UntargetedClassification
  (transformation):  WordSwapEmbedding(
    (max_candidates):  50
    (embedding):  WordEmbedding
  )
  (constraints): 
    (0): WordEmbeddingDistance(
        (embedding):  WordEmbedding
        (min_cos_sim):  0.5
        (cased):  False
        (include_unknown_words):  True
        (compare_against_original):  True
      )
    (1): PartOfSpeech(
        (tagger_type):  nltk
        (tagset):  universal
        (allow_verb_noun_swap):  True
        (compare_against_original):  True
      )
    (2): UniversalSentenceEncoder(
        (metric):  angular
        (threshold):  0.840845057
        (window_size):  15
        (skip_text_shorter_than_window):  True
        (compare_against_original):  False
      )
    (3): RepeatModification
    (4): StopwordModification
    (5): InputColumnModification(
        (matching_column_labels):  ['premise', 'hypothesis']
        (columns_to_ignore):  {'premise'}
      )
  (is_black_box):  True
) 


+-------------------------------+--------+
| Attack Results                |        |
+-------------------------------+--------+
| Number of successful attacks: | 748    |
| Number of failed attacks:     | 54     |
| Number of skipped attacks:    | 70     |
| Original accuracy:            | 91.97% |
| Accuracy under attack:        | 6.19%  |
| Attack success rate:          | 93.27% |
| Average perturbed word %:     | 18.33% |
| Average num. words per input: | 17.4   |
| Avg num queries:              | 101.09 |
+-------------------------------+--------+
Attack(
  (search_method): GreedyWordSwapWIR(
    (wir_method):  delete
  )
  (goal_function):  UntargetedClassification
  (transformation):  WordSwapEmbedding(
    (max_candidates):  50
    (embedding):  WordEmbedding
  )
  (constraints): 
    (0): WordEmbeddingDistance(
        (embedding):  WordEmbedding
        (min_cos_sim):  0.5
        (cased):  False
        (include_unknown_words):  True
        (compare_against_original):  True
      )
    (1): PartOfSpeech(
        (tagger_type):  nltk
        (tagset):  universal
        (allow_verb_noun_swap):  True
        (compare_against_original):  True
      )
    (2): UniversalSentenceEncoder(
        (metric):  angular
        (threshold):  0.840845057
        (window_size):  15
        (skip_text_shorter_than_window):  True
        (compare_against_original):  False
      )
    (3): RepeatModification
    (4): StopwordModification
    (5): InputColumnModification(
        (matching_column_labels):  ['premise', 'hypothesis']
        (columns_to_ignore):  {'premise'}
      )
  (is_black_box):  True
) 


+-------------------------------+--------+
| Attack Results                |        |
+-------------------------------+--------+
| Number of successful attacks: | 752    |
| Number of failed attacks:     | 51     |
| Number of skipped attacks:    | 69     |
| Original accuracy:            | 92.09% |
| Accuracy under attack:        | 5.85%  |
| Attack success rate:          | 93.65% |
| Average perturbed word %:     | 17.56% |
| Average num. words per input: | 17.4   |
| Avg num queries:              | 97.32  |
+-------------------------------+--------+
Attack(
  (search_method): GreedyWordSwapWIR(
    (wir_method):  delete
  )
  (goal_function):  UntargetedClassification
  (transformation):  WordSwapEmbedding(
    (max_candidates):  50
    (embedding):  WordEmbedding
  )
  (constraints): 
    (0): WordEmbeddingDistance(
        (embedding):  WordEmbedding
        (min_cos_sim):  0.5
        (cased):  False
        (include_unknown_words):  True
        (compare_against_original):  True
      )
    (1): PartOfSpeech(
        (tagger_type):  nltk
        (tagset):  universal
        (allow_verb_noun_swap):  True
        (compare_against_original):  True
      )
    (2): UniversalSentenceEncoder(
        (metric):  angular
        (threshold):  0.840845057
        (window_size):  15
        (skip_text_shorter_than_window):  True
        (compare_against_original):  False
      )
    (3): RepeatModification
    (4): StopwordModification
    (5): InputColumnModification(
        (matching_column_labels):  ['premise', 'hypothesis']
        (columns_to_ignore):  {'premise'}
      )
  (is_black_box):  True
) 


+-------------------------------+--------+
| Attack Results                |        |
+-------------------------------+--------+
| Number of successful attacks: | 724    |
| Number of failed attacks:     | 79     |
| Number of skipped attacks:    | 69     |
| Original accuracy:            | 92.09% |
| Accuracy under attack:        | 9.06%  |
| Attack success rate:          | 90.16% |
| Average perturbed word %:     | 17.92% |
| Average num. words per input: | 17.4   |
| Avg num queries:              | 104.66 |
+-------------------------------+--------+
Attack(
  (search_method): GreedyWordSwapWIR(
    (wir_method):  delete
  )
  (goal_function):  UntargetedClassification
  (transformation):  WordSwapEmbedding(
    (max_candidates):  50
    (embedding):  WordEmbedding
  )
  (constraints): 
    (0): WordEmbeddingDistance(
        (embedding):  WordEmbedding
        (min_cos_sim):  0.5
        (cased):  False
        (include_unknown_words):  True
        (compare_against_original):  True
      )
    (1): PartOfSpeech(
        (tagger_type):  nltk
        (tagset):  universal
        (allow_verb_noun_swap):  True
        (compare_against_original):  True
      )
    (2): UniversalSentenceEncoder(
        (metric):  angular
        (threshold):  0.840845057
        (window_size):  15
        (skip_text_shorter_than_window):  True
        (compare_against_original):  False
      )
    (3): RepeatModification
    (4): StopwordModification
    (5): InputColumnModification(
        (matching_column_labels):  ['premise', 'hypothesis']
        (columns_to_ignore):  {'premise'}
      )
  (is_black_box):  True
) 


+-------------------------------+--------+
| Attack Results                |        |
+-------------------------------+--------+
| Number of successful attacks: | 736    |
| Number of failed attacks:     | 68     |
| Number of skipped attacks:    | 68     |
| Original accuracy:            | 92.2%  |
| Accuracy under attack:        | 7.8%   |
| Attack success rate:          | 91.54% |
| Average perturbed word %:     | 18.39% |
| Average num. words per input: | 17.4   |
| Avg num queries:              | 104.05 |
+-------------------------------+--------+
Attack(
  (search_method): GreedyWordSwapWIR(
    (wir_method):  delete
  )
  (goal_function):  UntargetedClassification
  (transformation):  WordSwapEmbedding(
    (max_candidates):  50
    (embedding):  WordEmbedding
  )
  (constraints): 
    (0): WordEmbeddingDistance(
        (embedding):  WordEmbedding
        (min_cos_sim):  0.5
        (cased):  False
        (include_unknown_words):  True
        (compare_against_original):  True
      )
    (1): PartOfSpeech(
        (tagger_type):  nltk
        (tagset):  universal
        (allow_verb_noun_swap):  True
        (compare_against_original):  True
      )
    (2): UniversalSentenceEncoder(
        (metric):  angular
        (threshold):  0.840845057
        (window_size):  15
        (skip_text_shorter_than_window):  True
        (compare_against_original):  False
      )
    (3): RepeatModification
    (4): StopwordModification
    (5): InputColumnModification(
        (matching_column_labels):  ['premise', 'hypothesis']
        (columns_to_ignore):  {'premise'}
      )
  (is_black_box):  True
) 


+-------------------------------+--------+
| Attack Results                |        |
+-------------------------------+--------+
| Number of successful attacks: | 735    |
| Number of failed attacks:     | 68     |
| Number of skipped attacks:    | 69     |
| Original accuracy:            | 92.09% |
| Accuracy under attack:        | 7.8%   |
| Attack success rate:          | 91.53% |
| Average perturbed word %:     | 18.44% |
| Average num. words per input: | 17.4   |
| Avg num queries:              | 105.37 |
+-------------------------------+--------+
