Making checkpoint directory: save_models/fine-tune/finetune_bert-base-uncased_glue-sst2_lr2e-05_epochs20_seed42
Epoch: 0, Loss:  0.3201, Lr:  1.000e-05, Dev_Accuracy: 0.9116972477064219
**** Test Accuracy: 0.9116972477064219, Test_Loss: 0.21655066497623843
Epoch: 1, Loss:  0.1511, Lr:  2.000e-05, Dev_Accuracy: 0.9243119266055044
**** Test Accuracy: 0.9243119266055044, Test_Loss: 0.21732580661773604
Epoch: 2, Loss:  0.1047, Lr:  1.889e-05, Dev_Accuracy: 0.918577981651376
Epoch: 3, Loss:  0.0703, Lr:  1.778e-05, Dev_Accuracy: 0.9139908256880733
Epoch: 4, Loss:  0.0483, Lr:  1.667e-05, Dev_Accuracy: 0.9197247706422017
Epoch: 5, Loss:  0.0347, Lr:  1.555e-05, Dev_Accuracy: 0.9231651376146788
Epoch: 6, Loss:  0.0251, Lr:  1.444e-05, Dev_Accuracy: 0.9162844036697246
Epoch: 7, Loss:  0.0209, Lr:  1.333e-05, Dev_Accuracy: 0.918577981651376
Epoch: 8, Loss:  0.0167, Lr:  1.222e-05, Dev_Accuracy: 0.9162844036697246
Epoch: 9, Loss:  0.0127, Lr:  1.111e-05, Dev_Accuracy: 0.9139908256880733
Epoch: 10, Loss:  0.0124, Lr:  9.998e-06, Dev_Accuracy: 0.9105504587155963
Epoch: 11, Loss:  0.0088, Lr:  8.887e-06, Dev_Accuracy: 0.9139908256880733
Epoch: 12, Loss:  0.0073, Lr:  7.775e-06, Dev_Accuracy: 0.915137614678899
Epoch: 13, Loss:  0.0060, Lr:  6.664e-06, Dev_Accuracy: 0.918577981651376
Epoch: 14, Loss:  0.0047, Lr:  5.553e-06, Dev_Accuracy: 0.915137614678899
Epoch: 15, Loss:  0.0045, Lr:  4.441e-06, Dev_Accuracy: 0.9208715596330274
Epoch: 16, Loss:  0.0030, Lr:  3.330e-06, Dev_Accuracy: 0.9197247706422017
Epoch: 17, Loss:  0.0016, Lr:  2.219e-06, Dev_Accuracy: 0.9105504587155963
Epoch: 18, Loss:  0.0015, Lr:  1.108e-06, Dev_Accuracy: 0.915137614678899
Epoch: 19, Loss:  0.0008, Lr:  0.000e+00, Dev_Accuracy: 0.9162844036697246
**** Best dev metric: 0.9243119266055044 in Epoch: 1
**** Best Test metric: 0.9243119266055044 in Epoch: 1
Last epoch test_accuracy: 0.9162844036697246, test_loss: 0.6082509349632454
Attack(
  (search_method): GreedyWordSwapWIR(
    (wir_method):  delete
  )
  (goal_function):  UntargetedClassification
  (transformation):  WordSwapEmbedding(
    (max_candidates):  50
    (embedding):  WordEmbedding
  )
  (constraints): 
    (0): WordEmbeddingDistance(
        (embedding):  WordEmbedding
        (min_cos_sim):  0.5
        (cased):  False
        (include_unknown_words):  True
        (compare_against_original):  True
      )
    (1): PartOfSpeech(
        (tagger_type):  nltk
        (tagset):  universal
        (allow_verb_noun_swap):  True
        (compare_against_original):  True
      )
    (2): UniversalSentenceEncoder(
        (metric):  angular
        (threshold):  0.840845057
        (window_size):  15
        (skip_text_shorter_than_window):  True
        (compare_against_original):  False
      )
    (3): RepeatModification
    (4): StopwordModification
    (5): InputColumnModification(
        (matching_column_labels):  ['premise', 'hypothesis']
        (columns_to_ignore):  {'premise'}
      )
  (is_black_box):  True
) 


+-------------------------------+--------+
| Attack Results                |        |
+-------------------------------+--------+
| Number of successful attacks: | 756    |
| Number of failed attacks:     | 39     |
| Number of skipped attacks:    | 77     |
| Original accuracy:            | 91.17% |
| Accuracy under attack:        | 4.47%  |
| Attack success rate:          | 95.09% |
| Average perturbed word %:     | 17.63% |
| Average num. words per input: | 17.4   |
| Avg num queries:              | 94.8   |
+-------------------------------+--------+
Attack(
  (search_method): GreedyWordSwapWIR(
    (wir_method):  delete
  )
  (goal_function):  UntargetedClassification
  (transformation):  WordSwapEmbedding(
    (max_candidates):  50
    (embedding):  WordEmbedding
  )
  (constraints): 
    (0): WordEmbeddingDistance(
        (embedding):  WordEmbedding
        (min_cos_sim):  0.5
        (cased):  False
        (include_unknown_words):  True
        (compare_against_original):  True
      )
    (1): PartOfSpeech(
        (tagger_type):  nltk
        (tagset):  universal
        (allow_verb_noun_swap):  True
        (compare_against_original):  True
      )
    (2): UniversalSentenceEncoder(
        (metric):  angular
        (threshold):  0.840845057
        (window_size):  15
        (skip_text_shorter_than_window):  True
        (compare_against_original):  False
      )
    (3): RepeatModification
    (4): StopwordModification
    (5): InputColumnModification(
        (matching_column_labels):  ['premise', 'hypothesis']
        (columns_to_ignore):  {'premise'}
      )
  (is_black_box):  True
) 


+-------------------------------+--------+
| Attack Results                |        |
+-------------------------------+--------+
| Number of successful attacks: | 765    |
| Number of failed attacks:     | 41     |
| Number of skipped attacks:    | 66     |
| Original accuracy:            | 92.43% |
| Accuracy under attack:        | 4.7%   |
| Attack success rate:          | 94.91% |
| Average perturbed word %:     | 16.78% |
| Average num. words per input: | 17.4   |
| Avg num queries:              | 92.73  |
+-------------------------------+--------+
Attack(
  (search_method): GreedyWordSwapWIR(
    (wir_method):  delete
  )
  (goal_function):  UntargetedClassification
  (transformation):  WordSwapEmbedding(
    (max_candidates):  50
    (embedding):  WordEmbedding
  )
  (constraints): 
    (0): WordEmbeddingDistance(
        (embedding):  WordEmbedding
        (min_cos_sim):  0.5
        (cased):  False
        (include_unknown_words):  True
        (compare_against_original):  True
      )
    (1): PartOfSpeech(
        (tagger_type):  nltk
        (tagset):  universal
        (allow_verb_noun_swap):  True
        (compare_against_original):  True
      )
    (2): UniversalSentenceEncoder(
        (metric):  angular
        (threshold):  0.840845057
        (window_size):  15
        (skip_text_shorter_than_window):  True
        (compare_against_original):  False
      )
    (3): RepeatModification
    (4): StopwordModification
    (5): InputColumnModification(
        (matching_column_labels):  ['premise', 'hypothesis']
        (columns_to_ignore):  {'premise'}
      )
  (is_black_box):  True
) 


+-------------------------------+--------+
| Attack Results                |        |
+-------------------------------+--------+
| Number of successful attacks: | 763    |
| Number of failed attacks:     | 38     |
| Number of skipped attacks:    | 71     |
| Original accuracy:            | 91.86% |
| Accuracy under attack:        | 4.36%  |
| Attack success rate:          | 95.26% |
| Average perturbed word %:     | 16.4%  |
| Average num. words per input: | 17.4   |
| Avg num queries:              | 89.31  |
+-------------------------------+--------+
Attack(
  (search_method): GreedyWordSwapWIR(
    (wir_method):  delete
  )
  (goal_function):  UntargetedClassification
  (transformation):  WordSwapEmbedding(
    (max_candidates):  50
    (embedding):  WordEmbedding
  )
  (constraints): 
    (0): WordEmbeddingDistance(
        (embedding):  WordEmbedding
        (min_cos_sim):  0.5
        (cased):  False
        (include_unknown_words):  True
        (compare_against_original):  True
      )
    (1): PartOfSpeech(
        (tagger_type):  nltk
        (tagset):  universal
        (allow_verb_noun_swap):  True
        (compare_against_original):  True
      )
    (2): UniversalSentenceEncoder(
        (metric):  angular
        (threshold):  0.840845057
        (window_size):  15
        (skip_text_shorter_than_window):  True
        (compare_against_original):  False
      )
    (3): RepeatModification
    (4): StopwordModification
    (5): InputColumnModification(
        (matching_column_labels):  ['premise', 'hypothesis']
        (columns_to_ignore):  {'premise'}
      )
  (is_black_box):  True
) 


+-------------------------------+--------+
| Attack Results                |        |
+-------------------------------+--------+
| Number of successful attacks: | 744    |
| Number of failed attacks:     | 53     |
| Number of skipped attacks:    | 75     |
| Original accuracy:            | 91.4%  |
| Accuracy under attack:        | 6.08%  |
| Attack success rate:          | 93.35% |
| Average perturbed word %:     | 17.8%  |
| Average num. words per input: | 17.4   |
| Avg num queries:              | 97.17  |
+-------------------------------+--------+
Attack(
  (search_method): GreedyWordSwapWIR(
    (wir_method):  delete
  )
  (goal_function):  UntargetedClassification
  (transformation):  WordSwapEmbedding(
    (max_candidates):  50
    (embedding):  WordEmbedding
  )
  (constraints): 
    (0): WordEmbeddingDistance(
        (embedding):  WordEmbedding
        (min_cos_sim):  0.5
        (cased):  False
        (include_unknown_words):  True
        (compare_against_original):  True
      )
    (1): PartOfSpeech(
        (tagger_type):  nltk
        (tagset):  universal
        (allow_verb_noun_swap):  True
        (compare_against_original):  True
      )
    (2): UniversalSentenceEncoder(
        (metric):  angular
        (threshold):  0.840845057
        (window_size):  15
        (skip_text_shorter_than_window):  True
        (compare_against_original):  False
      )
    (3): RepeatModification
    (4): StopwordModification
    (5): InputColumnModification(
        (matching_column_labels):  ['premise', 'hypothesis']
        (columns_to_ignore):  {'premise'}
      )
  (is_black_box):  True
) 


+-------------------------------+--------+
| Attack Results                |        |
+-------------------------------+--------+
| Number of successful attacks: | 761    |
| Number of failed attacks:     | 41     |
| Number of skipped attacks:    | 70     |
| Original accuracy:            | 91.97% |
| Accuracy under attack:        | 4.7%   |
| Attack success rate:          | 94.89% |
| Average perturbed word %:     | 16.38% |
| Average num. words per input: | 17.4   |
| Avg num queries:              | 90.84  |
+-------------------------------+--------+
Attack(
  (search_method): GreedyWordSwapWIR(
    (wir_method):  delete
  )
  (goal_function):  UntargetedClassification
  (transformation):  WordSwapEmbedding(
    (max_candidates):  50
    (embedding):  WordEmbedding
  )
  (constraints): 
    (0): WordEmbeddingDistance(
        (embedding):  WordEmbedding
        (min_cos_sim):  0.5
        (cased):  False
        (include_unknown_words):  True
        (compare_against_original):  True
      )
    (1): PartOfSpeech(
        (tagger_type):  nltk
        (tagset):  universal
        (allow_verb_noun_swap):  True
        (compare_against_original):  True
      )
    (2): UniversalSentenceEncoder(
        (metric):  angular
        (threshold):  0.840845057
        (window_size):  15
        (skip_text_shorter_than_window):  True
        (compare_against_original):  False
      )
    (3): RepeatModification
    (4): StopwordModification
    (5): InputColumnModification(
        (matching_column_labels):  ['premise', 'hypothesis']
        (columns_to_ignore):  {'premise'}
      )
  (is_black_box):  True
) 


+-------------------------------+--------+
| Attack Results                |        |
+-------------------------------+--------+
| Number of successful attacks: | 749    |
| Number of failed attacks:     | 56     |
| Number of skipped attacks:    | 67     |
| Original accuracy:            | 92.32% |
| Accuracy under attack:        | 6.42%  |
| Attack success rate:          | 93.04% |
| Average perturbed word %:     | 17.78% |
| Average num. words per input: | 17.4   |
| Avg num queries:              | 98.32  |
+-------------------------------+--------+
Attack(
  (search_method): GreedyWordSwapWIR(
    (wir_method):  delete
  )
  (goal_function):  UntargetedClassification
  (transformation):  WordSwapEmbedding(
    (max_candidates):  50
    (embedding):  WordEmbedding
  )
  (constraints): 
    (0): WordEmbeddingDistance(
        (embedding):  WordEmbedding
        (min_cos_sim):  0.5
        (cased):  False
        (include_unknown_words):  True
        (compare_against_original):  True
      )
    (1): PartOfSpeech(
        (tagger_type):  nltk
        (tagset):  universal
        (allow_verb_noun_swap):  True
        (compare_against_original):  True
      )
    (2): UniversalSentenceEncoder(
        (metric):  angular
        (threshold):  0.840845057
        (window_size):  15
        (skip_text_shorter_than_window):  True
        (compare_against_original):  False
      )
    (3): RepeatModification
    (4): StopwordModification
    (5): InputColumnModification(
        (matching_column_labels):  ['premise', 'hypothesis']
        (columns_to_ignore):  {'premise'}
      )
  (is_black_box):  True
) 


+-------------------------------+--------+
| Attack Results                |        |
+-------------------------------+--------+
| Number of successful attacks: | 738    |
| Number of failed attacks:     | 61     |
| Number of skipped attacks:    | 73     |
| Original accuracy:            | 91.63% |
| Accuracy under attack:        | 7.0%   |
| Attack success rate:          | 92.37% |
| Average perturbed word %:     | 18.49% |
| Average num. words per input: | 17.4   |
| Avg num queries:              | 103.13 |
+-------------------------------+--------+
Attack(
  (search_method): GreedyWordSwapWIR(
    (wir_method):  delete
  )
  (goal_function):  UntargetedClassification
  (transformation):  WordSwapEmbedding(
    (max_candidates):  50
    (embedding):  WordEmbedding
  )
  (constraints): 
    (0): WordEmbeddingDistance(
        (embedding):  WordEmbedding
        (min_cos_sim):  0.5
        (cased):  False
        (include_unknown_words):  True
        (compare_against_original):  True
      )
    (1): PartOfSpeech(
        (tagger_type):  nltk
        (tagset):  universal
        (allow_verb_noun_swap):  True
        (compare_against_original):  True
      )
    (2): UniversalSentenceEncoder(
        (metric):  angular
        (threshold):  0.840845057
        (window_size):  15
        (skip_text_shorter_than_window):  True
        (compare_against_original):  False
      )
    (3): RepeatModification
    (4): StopwordModification
    (5): InputColumnModification(
        (matching_column_labels):  ['premise', 'hypothesis']
        (columns_to_ignore):  {'premise'}
      )
  (is_black_box):  True
) 


+-------------------------------+--------+
| Attack Results                |        |
+-------------------------------+--------+
| Number of successful attacks: | 753    |
| Number of failed attacks:     | 48     |
| Number of skipped attacks:    | 71     |
| Original accuracy:            | 91.86% |
| Accuracy under attack:        | 5.5%   |
| Attack success rate:          | 94.01% |
| Average perturbed word %:     | 18.34% |
| Average num. words per input: | 17.4   |
| Avg num queries:              | 99.51  |
+-------------------------------+--------+
Attack(
  (search_method): GreedyWordSwapWIR(
    (wir_method):  delete
  )
  (goal_function):  UntargetedClassification
  (transformation):  WordSwapEmbedding(
    (max_candidates):  50
    (embedding):  WordEmbedding
  )
  (constraints): 
    (0): WordEmbeddingDistance(
        (embedding):  WordEmbedding
        (min_cos_sim):  0.5
        (cased):  False
        (include_unknown_words):  True
        (compare_against_original):  True
      )
    (1): PartOfSpeech(
        (tagger_type):  nltk
        (tagset):  universal
        (allow_verb_noun_swap):  True
        (compare_against_original):  True
      )
    (2): UniversalSentenceEncoder(
        (metric):  angular
        (threshold):  0.840845057
        (window_size):  15
        (skip_text_shorter_than_window):  True
        (compare_against_original):  False
      )
    (3): RepeatModification
    (4): StopwordModification
    (5): InputColumnModification(
        (matching_column_labels):  ['premise', 'hypothesis']
        (columns_to_ignore):  {'premise'}
      )
  (is_black_box):  True
) 


+-------------------------------+--------+
| Attack Results                |        |
+-------------------------------+--------+
| Number of successful attacks: | 702    |
| Number of failed attacks:     | 97     |
| Number of skipped attacks:    | 73     |
| Original accuracy:            | 91.63% |
| Accuracy under attack:        | 11.12% |
| Attack success rate:          | 87.86% |
| Average perturbed word %:     | 19.14% |
| Average num. words per input: | 17.4   |
| Avg num queries:              | 113.87 |
+-------------------------------+--------+
Attack(
  (search_method): GreedyWordSwapWIR(
    (wir_method):  delete
  )
  (goal_function):  UntargetedClassification
  (transformation):  WordSwapEmbedding(
    (max_candidates):  50
    (embedding):  WordEmbedding
  )
  (constraints): 
    (0): WordEmbeddingDistance(
        (embedding):  WordEmbedding
        (min_cos_sim):  0.5
        (cased):  False
        (include_unknown_words):  True
        (compare_against_original):  True
      )
    (1): PartOfSpeech(
        (tagger_type):  nltk
        (tagset):  universal
        (allow_verb_noun_swap):  True
        (compare_against_original):  True
      )
    (2): UniversalSentenceEncoder(
        (metric):  angular
        (threshold):  0.840845057
        (window_size):  15
        (skip_text_shorter_than_window):  True
        (compare_against_original):  False
      )
    (3): RepeatModification
    (4): StopwordModification
    (5): InputColumnModification(
        (matching_column_labels):  ['premise', 'hypothesis']
        (columns_to_ignore):  {'premise'}
      )
  (is_black_box):  True
) 


+-------------------------------+--------+
| Attack Results                |        |
+-------------------------------+--------+
| Number of successful attacks: | 741    |
| Number of failed attacks:     | 56     |
| Number of skipped attacks:    | 75     |
| Original accuracy:            | 91.4%  |
| Accuracy under attack:        | 6.42%  |
| Attack success rate:          | 92.97% |
| Average perturbed word %:     | 19.54% |
| Average num. words per input: | 17.4   |
| Avg num queries:              | 106.94 |
+-------------------------------+--------+
Attack(
  (search_method): GreedyWordSwapWIR(
    (wir_method):  delete
  )
  (goal_function):  UntargetedClassification
  (transformation):  WordSwapEmbedding(
    (max_candidates):  50
    (embedding):  WordEmbedding
  )
  (constraints): 
    (0): WordEmbeddingDistance(
        (embedding):  WordEmbedding
        (min_cos_sim):  0.5
        (cased):  False
        (include_unknown_words):  True
        (compare_against_original):  True
      )
    (1): PartOfSpeech(
        (tagger_type):  nltk
        (tagset):  universal
        (allow_verb_noun_swap):  True
        (compare_against_original):  True
      )
    (2): UniversalSentenceEncoder(
        (metric):  angular
        (threshold):  0.840845057
        (window_size):  15
        (skip_text_shorter_than_window):  True
        (compare_against_original):  False
      )
    (3): RepeatModification
    (4): StopwordModification
    (5): InputColumnModification(
        (matching_column_labels):  ['premise', 'hypothesis']
        (columns_to_ignore):  {'premise'}
      )
  (is_black_box):  True
) 


+-------------------------------+--------+
| Attack Results                |        |
+-------------------------------+--------+
| Number of successful attacks: | 749    |
| Number of failed attacks:     | 45     |
| Number of skipped attacks:    | 78     |
| Original accuracy:            | 91.06% |
| Accuracy under attack:        | 5.16%  |
| Attack success rate:          | 94.33% |
| Average perturbed word %:     | 18.2%  |
| Average num. words per input: | 17.4   |
| Avg num queries:              | 100.07 |
+-------------------------------+--------+
Attack(
  (search_method): GreedyWordSwapWIR(
    (wir_method):  delete
  )
  (goal_function):  UntargetedClassification
  (transformation):  WordSwapEmbedding(
    (max_candidates):  50
    (embedding):  WordEmbedding
  )
  (constraints): 
    (0): WordEmbeddingDistance(
        (embedding):  WordEmbedding
        (min_cos_sim):  0.5
        (cased):  False
        (include_unknown_words):  True
        (compare_against_original):  True
      )
    (1): PartOfSpeech(
        (tagger_type):  nltk
        (tagset):  universal
        (allow_verb_noun_swap):  True
        (compare_against_original):  True
      )
    (2): UniversalSentenceEncoder(
        (metric):  angular
        (threshold):  0.840845057
        (window_size):  15
        (skip_text_shorter_than_window):  True
        (compare_against_original):  False
      )
    (3): RepeatModification
    (4): StopwordModification
    (5): InputColumnModification(
        (matching_column_labels):  ['premise', 'hypothesis']
        (columns_to_ignore):  {'premise'}
      )
  (is_black_box):  True
) 


+-------------------------------+--------+
| Attack Results                |        |
+-------------------------------+--------+
| Number of successful attacks: | 714    |
| Number of failed attacks:     | 83     |
| Number of skipped attacks:    | 75     |
| Original accuracy:            | 91.4%  |
| Accuracy under attack:        | 9.52%  |
| Attack success rate:          | 89.59% |
| Average perturbed word %:     | 18.43% |
| Average num. words per input: | 17.4   |
| Avg num queries:              | 109.87 |
+-------------------------------+--------+
Attack(
  (search_method): GreedyWordSwapWIR(
    (wir_method):  delete
  )
  (goal_function):  UntargetedClassification
  (transformation):  WordSwapEmbedding(
    (max_candidates):  50
    (embedding):  WordEmbedding
  )
  (constraints): 
    (0): WordEmbeddingDistance(
        (embedding):  WordEmbedding
        (min_cos_sim):  0.5
        (cased):  False
        (include_unknown_words):  True
        (compare_against_original):  True
      )
    (1): PartOfSpeech(
        (tagger_type):  nltk
        (tagset):  universal
        (allow_verb_noun_swap):  True
        (compare_against_original):  True
      )
    (2): UniversalSentenceEncoder(
        (metric):  angular
        (threshold):  0.840845057
        (window_size):  15
        (skip_text_shorter_than_window):  True
        (compare_against_original):  False
      )
    (3): RepeatModification
    (4): StopwordModification
    (5): InputColumnModification(
        (matching_column_labels):  ['premise', 'hypothesis']
        (columns_to_ignore):  {'premise'}
      )
  (is_black_box):  True
) 


+-------------------------------+--------+
| Attack Results                |        |
+-------------------------------+--------+
| Number of successful attacks: | 733    |
| Number of failed attacks:     | 65     |
| Number of skipped attacks:    | 74     |
| Original accuracy:            | 91.51% |
| Accuracy under attack:        | 7.45%  |
| Attack success rate:          | 91.85% |
| Average perturbed word %:     | 18.58% |
| Average num. words per input: | 17.4   |
| Avg num queries:              | 103.89 |
+-------------------------------+--------+
Attack(
  (search_method): GreedyWordSwapWIR(
    (wir_method):  delete
  )
  (goal_function):  UntargetedClassification
  (transformation):  WordSwapEmbedding(
    (max_candidates):  50
    (embedding):  WordEmbedding
  )
  (constraints): 
    (0): WordEmbeddingDistance(
        (embedding):  WordEmbedding
        (min_cos_sim):  0.5
        (cased):  False
        (include_unknown_words):  True
        (compare_against_original):  True
      )
    (1): PartOfSpeech(
        (tagger_type):  nltk
        (tagset):  universal
        (allow_verb_noun_swap):  True
        (compare_against_original):  True
      )
    (2): UniversalSentenceEncoder(
        (metric):  angular
        (threshold):  0.840845057
        (window_size):  15
        (skip_text_shorter_than_window):  True
        (compare_against_original):  False
      )
    (3): RepeatModification
    (4): StopwordModification
    (5): InputColumnModification(
        (matching_column_labels):  ['premise', 'hypothesis']
        (columns_to_ignore):  {'premise'}
      )
  (is_black_box):  True
) 


+-------------------------------+--------+
| Attack Results                |        |
+-------------------------------+--------+
| Number of successful attacks: | 762    |
| Number of failed attacks:     | 39     |
| Number of skipped attacks:    | 71     |
| Original accuracy:            | 91.86% |
| Accuracy under attack:        | 4.47%  |
| Attack success rate:          | 95.13% |
| Average perturbed word %:     | 18.93% |
| Average num. words per input: | 17.4   |
| Avg num queries:              | 102.02 |
+-------------------------------+--------+
Attack(
  (search_method): GreedyWordSwapWIR(
    (wir_method):  delete
  )
  (goal_function):  UntargetedClassification
  (transformation):  WordSwapEmbedding(
    (max_candidates):  50
    (embedding):  WordEmbedding
  )
  (constraints): 
    (0): WordEmbeddingDistance(
        (embedding):  WordEmbedding
        (min_cos_sim):  0.5
        (cased):  False
        (include_unknown_words):  True
        (compare_against_original):  True
      )
    (1): PartOfSpeech(
        (tagger_type):  nltk
        (tagset):  universal
        (allow_verb_noun_swap):  True
        (compare_against_original):  True
      )
    (2): UniversalSentenceEncoder(
        (metric):  angular
        (threshold):  0.840845057
        (window_size):  15
        (skip_text_shorter_than_window):  True
        (compare_against_original):  False
      )
    (3): RepeatModification
    (4): StopwordModification
    (5): InputColumnModification(
        (matching_column_labels):  ['premise', 'hypothesis']
        (columns_to_ignore):  {'premise'}
      )
  (is_black_box):  True
) 


+-------------------------------+--------+
| Attack Results                |        |
+-------------------------------+--------+
| Number of successful attacks: | 735    |
| Number of failed attacks:     | 63     |
| Number of skipped attacks:    | 74     |
| Original accuracy:            | 91.51% |
| Accuracy under attack:        | 7.22%  |
| Attack success rate:          | 92.11% |
| Average perturbed word %:     | 18.48% |
| Average num. words per input: | 17.4   |
| Avg num queries:              | 104.2  |
+-------------------------------+--------+
Attack(
  (search_method): GreedyWordSwapWIR(
    (wir_method):  delete
  )
  (goal_function):  UntargetedClassification
  (transformation):  WordSwapEmbedding(
    (max_candidates):  50
    (embedding):  WordEmbedding
  )
  (constraints): 
    (0): WordEmbeddingDistance(
        (embedding):  WordEmbedding
        (min_cos_sim):  0.5
        (cased):  False
        (include_unknown_words):  True
        (compare_against_original):  True
      )
    (1): PartOfSpeech(
        (tagger_type):  nltk
        (tagset):  universal
        (allow_verb_noun_swap):  True
        (compare_against_original):  True
      )
    (2): UniversalSentenceEncoder(
        (metric):  angular
        (threshold):  0.840845057
        (window_size):  15
        (skip_text_shorter_than_window):  True
        (compare_against_original):  False
      )
    (3): RepeatModification
    (4): StopwordModification
    (5): InputColumnModification(
        (matching_column_labels):  ['premise', 'hypothesis']
        (columns_to_ignore):  {'premise'}
      )
  (is_black_box):  True
) 


+-------------------------------+--------+
| Attack Results                |        |
+-------------------------------+--------+
| Number of successful attacks: | 756    |
| Number of failed attacks:     | 47     |
| Number of skipped attacks:    | 69     |
| Original accuracy:            | 92.09% |
| Accuracy under attack:        | 5.39%  |
| Attack success rate:          | 94.15% |
| Average perturbed word %:     | 18.42% |
| Average num. words per input: | 17.4   |
| Avg num queries:              | 100.24 |
+-------------------------------+--------+
Attack(
  (search_method): GreedyWordSwapWIR(
    (wir_method):  delete
  )
  (goal_function):  UntargetedClassification
  (transformation):  WordSwapEmbedding(
    (max_candidates):  50
    (embedding):  WordEmbedding
  )
  (constraints): 
    (0): WordEmbeddingDistance(
        (embedding):  WordEmbedding
        (min_cos_sim):  0.5
        (cased):  False
        (include_unknown_words):  True
        (compare_against_original):  True
      )
    (1): PartOfSpeech(
        (tagger_type):  nltk
        (tagset):  universal
        (allow_verb_noun_swap):  True
        (compare_against_original):  True
      )
    (2): UniversalSentenceEncoder(
        (metric):  angular
        (threshold):  0.840845057
        (window_size):  15
        (skip_text_shorter_than_window):  True
        (compare_against_original):  False
      )
    (3): RepeatModification
    (4): StopwordModification
    (5): InputColumnModification(
        (matching_column_labels):  ['premise', 'hypothesis']
        (columns_to_ignore):  {'premise'}
      )
  (is_black_box):  True
) 


+-------------------------------+--------+
| Attack Results                |        |
+-------------------------------+--------+
| Number of successful attacks: | 741    |
| Number of failed attacks:     | 61     |
| Number of skipped attacks:    | 70     |
| Original accuracy:            | 91.97% |
| Accuracy under attack:        | 7.0%   |
| Attack success rate:          | 92.39% |
| Average perturbed word %:     | 17.65% |
| Average num. words per input: | 17.4   |
| Avg num queries:              | 100.5  |
+-------------------------------+--------+
Attack(
  (search_method): GreedyWordSwapWIR(
    (wir_method):  delete
  )
  (goal_function):  UntargetedClassification
  (transformation):  WordSwapEmbedding(
    (max_candidates):  50
    (embedding):  WordEmbedding
  )
  (constraints): 
    (0): WordEmbeddingDistance(
        (embedding):  WordEmbedding
        (min_cos_sim):  0.5
        (cased):  False
        (include_unknown_words):  True
        (compare_against_original):  True
      )
    (1): PartOfSpeech(
        (tagger_type):  nltk
        (tagset):  universal
        (allow_verb_noun_swap):  True
        (compare_against_original):  True
      )
    (2): UniversalSentenceEncoder(
        (metric):  angular
        (threshold):  0.840845057
        (window_size):  15
        (skip_text_shorter_than_window):  True
        (compare_against_original):  False
      )
    (3): RepeatModification
    (4): StopwordModification
    (5): InputColumnModification(
        (matching_column_labels):  ['premise', 'hypothesis']
        (columns_to_ignore):  {'premise'}
      )
  (is_black_box):  True
) 


+-------------------------------+--------+
| Attack Results                |        |
+-------------------------------+--------+
| Number of successful attacks: | 691    |
| Number of failed attacks:     | 103    |
| Number of skipped attacks:    | 78     |
| Original accuracy:            | 91.06% |
| Accuracy under attack:        | 11.81% |
| Attack success rate:          | 87.03% |
| Average perturbed word %:     | 18.26% |
| Average num. words per input: | 17.4   |
| Avg num queries:              | 112.12 |
+-------------------------------+--------+
Attack(
  (search_method): GreedyWordSwapWIR(
    (wir_method):  delete
  )
  (goal_function):  UntargetedClassification
  (transformation):  WordSwapEmbedding(
    (max_candidates):  50
    (embedding):  WordEmbedding
  )
  (constraints): 
    (0): WordEmbeddingDistance(
        (embedding):  WordEmbedding
        (min_cos_sim):  0.5
        (cased):  False
        (include_unknown_words):  True
        (compare_against_original):  True
      )
    (1): PartOfSpeech(
        (tagger_type):  nltk
        (tagset):  universal
        (allow_verb_noun_swap):  True
        (compare_against_original):  True
      )
    (2): UniversalSentenceEncoder(
        (metric):  angular
        (threshold):  0.840845057
        (window_size):  15
        (skip_text_shorter_than_window):  True
        (compare_against_original):  False
      )
    (3): RepeatModification
    (4): StopwordModification
    (5): InputColumnModification(
        (matching_column_labels):  ['premise', 'hypothesis']
        (columns_to_ignore):  {'premise'}
      )
  (is_black_box):  True
) 


+-------------------------------+--------+
| Attack Results                |        |
+-------------------------------+--------+
| Number of successful attacks: | 679    |
| Number of failed attacks:     | 119    |
| Number of skipped attacks:    | 74     |
| Original accuracy:            | 91.51% |
| Accuracy under attack:        | 13.65% |
| Attack success rate:          | 85.09% |
| Average perturbed word %:     | 17.94% |
| Average num. words per input: | 17.4   |
| Avg num queries:              | 114.87 |
+-------------------------------+--------+
Attack(
  (search_method): GreedyWordSwapWIR(
    (wir_method):  delete
  )
  (goal_function):  UntargetedClassification
  (transformation):  WordSwapEmbedding(
    (max_candidates):  50
    (embedding):  WordEmbedding
  )
  (constraints): 
    (0): WordEmbeddingDistance(
        (embedding):  WordEmbedding
        (min_cos_sim):  0.5
        (cased):  False
        (include_unknown_words):  True
        (compare_against_original):  True
      )
    (1): PartOfSpeech(
        (tagger_type):  nltk
        (tagset):  universal
        (allow_verb_noun_swap):  True
        (compare_against_original):  True
      )
    (2): UniversalSentenceEncoder(
        (metric):  angular
        (threshold):  0.840845057
        (window_size):  15
        (skip_text_shorter_than_window):  True
        (compare_against_original):  False
      )
    (3): RepeatModification
    (4): StopwordModification
    (5): InputColumnModification(
        (matching_column_labels):  ['premise', 'hypothesis']
        (columns_to_ignore):  {'premise'}
      )
  (is_black_box):  True
) 


+-------------------------------+--------+
| Attack Results                |        |
+-------------------------------+--------+
| Number of successful attacks: | 664    |
| Number of failed attacks:     | 135    |
| Number of skipped attacks:    | 73     |
| Original accuracy:            | 91.63% |
| Accuracy under attack:        | 15.48% |
| Attack success rate:          | 83.1%  |
| Average perturbed word %:     | 18.1%  |
| Average num. words per input: | 17.4   |
| Avg num queries:              | 116.83 |
+-------------------------------+--------+
